[33muser 3/3:  1559327732 |block 0: undefined| |stage 0: undefined| nicewebrl.experiment - INFO - Block order: ['block_ced52f338e464062ab01c751b4a975f0', 'block_657fdffe3a834e8d8a83d7e15aba512b', 'block_a373d9564b1f4a1483567ab9ddc508bf']
[0m[33muser 3/3:  1559327732 |block 0: undefined| |stage 0: undefined| __mp_main__ - INFO - New episode: rule=color 'red'
[0m[33muser 3/3:  1559327732 |block 0: block_ced52f338e464062ab01c751b4a975f0| |stage 0: Instructions| nicegui - WARNING - http://localhost:8084/.well-known/appspecific/com.chrome.devtools.json not found
[0m[33muser 3/3:  1559327732 |block 0: block_ced52f338e464062ab01c751b4a975f0| |stage 0: Instructions| nicewebrl.utils - INFO - {'message': 'Ping 9714'}
[0m[33muser 3/3:  1559327732 |block 1: block_657fdffe3a834e8d8a83d7e15aba512b| |stage 1: GridWorld| __mp_main__ - INFO - Stage finished: GridWorld
[0m[33muser 3/3:  1559327732 |block 3: block_a373d9564b1f4a1483567ab9ddc508bf| |stage 3: Debrief| __mp_main__ - INFO - Metadata saved → ./data/user_meta_1559327732.json
[0m[33muser 3/3:  1559327732 |block 3: block_a373d9564b1f4a1483567ab9ddc508bf| |stage 3: Debrief| nicewebrl.utils - INFO - {'message': 'Ping 7069'}
[0m[33muser 3/3:  1559327732 |block 3: block_a373d9564b1f4a1483567ab9ddc508bf| |stage 3: Debrief| nicewebrl.utils - INFO - {'message': 'Ping 6257'}
[0m[33muser 3/3:  1559327732 |block 3: block_a373d9564b1f4a1483567ab9ddc508bf| |stage 3: Debrief| nicewebrl.utils - INFO - {'message': 'Ping 2475'}
[0m[33muser 3/3:  1559327732 |block 3: block_a373d9564b1f4a1483567ab9ddc508bf| |stage 3: Debrief| nicewebrl.utils - INFO - {'message': 'Ping 4251'}
[0m[33muser 3/3:  1559327732 |block 3: block_a373d9564b1f4a1483567ab9ddc508bf| |stage 3: Debrief| nicewebrl.utils - INFO - {'message': 'Ping 4637'}
[0m[33muser 3/3:  1559327732 |block 3: block_a373d9564b1f4a1483567ab9ddc508bf| |stage 3: Debrief| nicewebrl.utils - INFO - {'message': 'Ping 1360'}
[0m[33muser 3/3:  1559327732 |block 3: block_a373d9564b1f4a1483567ab9ddc508bf| |stage 3: Debrief| nicewebrl.utils - INFO - {'message': 'Ping 8381'}
[0m[33muser 3/3:  1559327732 |block 3: block_a373d9564b1f4a1483567ab9ddc508bf| |stage 3: Debrief| nicewebrl.utils - INFO - {'message': 'Ping 8682'}
[0m[33muser 3/3:  1559327732 |block 3: block_a373d9564b1f4a1483567ab9ddc508bf| |stage 3: Debrief| nicewebrl.utils - INFO - {'message': 'Ping 2233'}
[0m[33muser 3/3:  1559327732 |block 3: block_a373d9564b1f4a1483567ab9ddc508bf| |stage 3: Debrief| nicewebrl.utils - INFO - {'message': 'Ping 7362'}
[0m[33muser 3/3:  1559327732 |block 3: block_a373d9564b1f4a1483567ab9ddc508bf| |stage 3: Debrief| nicewebrl.utils - INFO - {'message': 'Ping 4084'}
[0m[33muser 3/3:  1559327732 |block 3: block_a373d9564b1f4a1483567ab9ddc508bf| |stage 3: Debrief| nicewebrl.utils - INFO - {'message': 'Ping 1259'}
[0m[31muser 1/1:  1559327732 |block 3: undefined| |stage 3: undefined| nicewebrl.experiment - INFO - Block order: ['block_e0526557a36649d28598383bb2e232ed', 'block_7301b358a9c141b89a4bc326f4e47752', 'block_8fba2d4463c7461581797aae0ba8c7a9']
[0m[31muser 1/1:  1559327732 |block 3: undefined| |stage 3: undefined| nicegui - ERROR - 'goals'
  + Exception Group Traceback (most recent call last):
  |   File "/Users/km6297/miniconda3/envs/psrl-experiments/lib/python3.11/site-packages/starlette/_utils.py", line 85, in create_collapsing_task_group
  |     async with anyio.create_task_group() as tg:
  |   File "/Users/km6297/miniconda3/envs/psrl-experiments/lib/python3.11/site-packages/anyio/_backends/_asyncio.py", line 799, in __aexit__
  |     raise BaseExceptionGroup(
  | ExceptionGroup: unhandled errors in a TaskGroup (1 sub-exception)
  +-+---------------- 1 ----------------
    | Traceback (most recent call last):
    |   File "/Users/km6297/miniconda3/envs/psrl-experiments/lib/python3.11/site-packages/starlette/middleware/errors.py", line 164, in __call__
    |     await self.app(scope, receive, _send)
    |   File "/Users/km6297/miniconda3/envs/psrl-experiments/lib/python3.11/site-packages/starlette/middleware/sessions.py", line 88, in __call__
    |     await self.app(scope, receive, send_wrapper)
    |   File "/Users/km6297/miniconda3/envs/psrl-experiments/lib/python3.11/site-packages/starlette/middleware/base.py", line 193, in __call__
    |     response = await self.dispatch_func(request, call_next)
    |                ^^^^^^^^^^^^^^^^^^^^^^^^^^^^^^^^^^^^^^^^^^^^
    |   File "/Users/km6297/miniconda3/envs/psrl-experiments/lib/python3.11/site-packages/nicegui/storage.py", line 39, in dispatch
    |     response = await call_next(request)
    |                ^^^^^^^^^^^^^^^^^^^^^^^^
    |   File "/Users/km6297/miniconda3/envs/psrl-experiments/lib/python3.11/site-packages/starlette/middleware/base.py", line 168, in call_next
    |     raise app_exc from app_exc.__cause__ or app_exc.__context__
    |   File "/Users/km6297/miniconda3/envs/psrl-experiments/lib/python3.11/site-packages/starlette/middleware/base.py", line 144, in coro
    |     await self.app(scope, receive_or_disconnect, send_no_error)
    |   File "/Users/km6297/miniconda3/envs/psrl-experiments/lib/python3.11/site-packages/starlette/middleware/base.py", line 193, in __call__
    |     response = await self.dispatch_func(request, call_next)
    |                ^^^^^^^^^^^^^^^^^^^^^^^^^^^^^^^^^^^^^^^^^^^^
    |   File "/Users/km6297/miniconda3/envs/psrl-experiments/lib/python3.11/site-packages/nicegui/middlewares.py", line 23, in dispatch
    |     response = await call_next(request)
    |                ^^^^^^^^^^^^^^^^^^^^^^^^
    |   File "/Users/km6297/miniconda3/envs/psrl-experiments/lib/python3.11/site-packages/starlette/middleware/base.py", line 168, in call_next
    |     raise app_exc from app_exc.__cause__ or app_exc.__context__
    |   File "/Users/km6297/miniconda3/envs/psrl-experiments/lib/python3.11/site-packages/starlette/middleware/base.py", line 144, in coro
    |     await self.app(scope, receive_or_disconnect, send_no_error)
    |   File "/Users/km6297/miniconda3/envs/psrl-experiments/lib/python3.11/site-packages/starlette/middleware/base.py", line 193, in __call__
    |     response = await self.dispatch_func(request, call_next)
    |                ^^^^^^^^^^^^^^^^^^^^^^^^^^^^^^^^^^^^^^^^^^^^
    |   File "/Users/km6297/miniconda3/envs/psrl-experiments/lib/python3.11/site-packages/nicegui/middlewares.py", line 13, in dispatch
    |     response = await call_next(request)
    |                ^^^^^^^^^^^^^^^^^^^^^^^^
    |   File "/Users/km6297/miniconda3/envs/psrl-experiments/lib/python3.11/site-packages/starlette/middleware/base.py", line 168, in call_next
    |     raise app_exc from app_exc.__cause__ or app_exc.__context__
    |   File "/Users/km6297/miniconda3/envs/psrl-experiments/lib/python3.11/site-packages/starlette/middleware/base.py", line 144, in coro
    |     await self.app(scope, receive_or_disconnect, send_no_error)
    |   File "/Users/km6297/miniconda3/envs/psrl-experiments/lib/python3.11/site-packages/starlette/middleware/gzip.py", line 29, in __call__
    |     await responder(scope, receive, send)
    |   File "/Users/km6297/miniconda3/envs/psrl-experiments/lib/python3.11/site-packages/starlette/middleware/gzip.py", line 130, in __call__
    |     await super().__call__(scope, receive, send)
    |   File "/Users/km6297/miniconda3/envs/psrl-experiments/lib/python3.11/site-packages/starlette/middleware/gzip.py", line 46, in __call__
    |     await self.app(scope, receive, self.send_with_compression)
    |   File "/Users/km6297/miniconda3/envs/psrl-experiments/lib/python3.11/site-packages/starlette/middleware/exceptions.py", line 63, in __call__
    |     await wrap_app_handling_exceptions(self.app, conn)(scope, receive, send)
    |   File "/Users/km6297/miniconda3/envs/psrl-experiments/lib/python3.11/site-packages/starlette/_exception_handler.py", line 53, in wrapped_app
    |     raise exc
    |   File "/Users/km6297/miniconda3/envs/psrl-experiments/lib/python3.11/site-packages/starlette/_exception_handler.py", line 42, in wrapped_app
    |     await app(scope, receive, sender)
    |   File "/Users/km6297/miniconda3/envs/psrl-experiments/lib/python3.11/site-packages/fastapi/middleware/asyncexitstack.py", line 18, in __call__
    |     await self.app(scope, receive, send)
    |   File "/Users/km6297/miniconda3/envs/psrl-experiments/lib/python3.11/site-packages/starlette/routing.py", line 660, in __call__
    |     await self.middleware_stack(scope, receive, send)
    |   File "/Users/km6297/miniconda3/envs/psrl-experiments/lib/python3.11/site-packages/starlette/routing.py", line 680, in app
    |     await route.handle(scope, receive, send)
    |   File "/Users/km6297/miniconda3/envs/psrl-experiments/lib/python3.11/site-packages/starlette/routing.py", line 276, in handle
    |     await self.app(scope, receive, send)
    |   File "/Users/km6297/miniconda3/envs/psrl-experiments/lib/python3.11/site-packages/fastapi/routing.py", line 134, in app
    |     await wrap_app_handling_exceptions(app, request)(scope, receive, send)
    |   File "/Users/km6297/miniconda3/envs/psrl-experiments/lib/python3.11/site-packages/starlette/_exception_handler.py", line 53, in wrapped_app
    |     raise exc
    |   File "/Users/km6297/miniconda3/envs/psrl-experiments/lib/python3.11/site-packages/starlette/_exception_handler.py", line 42, in wrapped_app
    |     await app(scope, receive, sender)
    |   File "/Users/km6297/miniconda3/envs/psrl-experiments/lib/python3.11/site-packages/fastapi/routing.py", line 120, in app
    |     response = await f(request)
    |                ^^^^^^^^^^^^^^^^
    |   File "/Users/km6297/miniconda3/envs/psrl-experiments/lib/python3.11/site-packages/fastapi/routing.py", line 674, in app
    |     raw_response = await run_endpoint_function(
    |                    ^^^^^^^^^^^^^^^^^^^^^^^^^^^^
    |   File "/Users/km6297/miniconda3/envs/psrl-experiments/lib/python3.11/site-packages/fastapi/routing.py", line 328, in run_endpoint_function
    |     return await dependant.call(**values)
    |            ^^^^^^^^^^^^^^^^^^^^^^^^^^^^^^
    |   File "/Users/km6297/miniconda3/envs/psrl-experiments/lib/python3.11/site-packages/nicegui/page.py", line 199, in decorated
    |     result = task.result()
    |              ^^^^^^^^^^^^^
    |   File "/Users/km6297/miniconda3/envs/psrl-experiments/lib/python3.11/site-packages/nicegui/page.py", line 180, in wait_for_result
    |     return create_500_error_page(e, request)
    |            ^^^^^^^^^^^^^^^^^^^^^^^^^^^^^^^^^
    |   File "/Users/km6297/miniconda3/envs/psrl-experiments/lib/python3.11/site-packages/nicegui/page.py", line 140, in create_500_error_page
    |     raise e
    |   File "/Users/km6297/miniconda3/envs/psrl-experiments/lib/python3.11/site-packages/nicegui/page.py", line 177, in wait_for_result
    |     return await result
    |            ^^^^^^^^^^^^
    |   File "/Users/km6297/Library/Mobile Documents/com~apple~CloudDocs/Desktop/projects/psrl/psrl-experiments/fourroom_concept/web_app.py", line 284, in index
    |     await start_experiment(meta_container, stage_container)
    |   File "/Users/km6297/Library/Mobile Documents/com~apple~CloudDocs/Desktop/projects/psrl/psrl-experiments/fourroom_concept/web_app.py", line 202, in start_experiment
    |     await finish_experiment(meta_container)
    |   File "/Users/km6297/Library/Mobile Documents/com~apple~CloudDocs/Desktop/projects/psrl/psrl-experiments/fourroom_concept/web_app.py", line 221, in finish_experiment
    |     "mazes": [
    |              ^
    |   File "/Users/km6297/Library/Mobile Documents/com~apple~CloudDocs/Desktop/projects/psrl/psrl-experiments/fourroom_concept/web_app.py", line 226, in <listcomp>
    |     "goals":          m["goals"],
    |                       ~^^^^^^^^^
    | KeyError: 'goals'
    +------------------------------------

The above exception was the direct cause of the following exception:

Traceback (most recent call last):
  File "/Users/km6297/miniconda3/envs/psrl-experiments/lib/python3.11/site-packages/starlette/middleware/errors.py", line 164, in __call__
    await self.app(scope, receive, _send)
  File "/Users/km6297/miniconda3/envs/psrl-experiments/lib/python3.11/site-packages/starlette/middleware/sessions.py", line 88, in __call__
    await self.app(scope, receive, send_wrapper)
  File "/Users/km6297/miniconda3/envs/psrl-experiments/lib/python3.11/site-packages/starlette/middleware/base.py", line 193, in __call__
    response = await self.dispatch_func(request, call_next)
               ^^^^^^^^^^^^^^^^^^^^^^^^^^^^^^^^^^^^^^^^^^^^
  File "/Users/km6297/miniconda3/envs/psrl-experiments/lib/python3.11/site-packages/nicegui/storage.py", line 39, in dispatch
    response = await call_next(request)
               ^^^^^^^^^^^^^^^^^^^^^^^^
  File "/Users/km6297/miniconda3/envs/psrl-experiments/lib/python3.11/site-packages/starlette/middleware/base.py", line 168, in call_next
    raise app_exc from app_exc.__cause__ or app_exc.__context__
  File "/Users/km6297/miniconda3/envs/psrl-experiments/lib/python3.11/site-packages/starlette/middleware/base.py", line 144, in coro
    await self.app(scope, receive_or_disconnect, send_no_error)
  File "/Users/km6297/miniconda3/envs/psrl-experiments/lib/python3.11/site-packages/starlette/middleware/base.py", line 193, in __call__
    response = await self.dispatch_func(request, call_next)
               ^^^^^^^^^^^^^^^^^^^^^^^^^^^^^^^^^^^^^^^^^^^^
  File "/Users/km6297/miniconda3/envs/psrl-experiments/lib/python3.11/site-packages/nicegui/middlewares.py", line 23, in dispatch
    response = await call_next(request)
               ^^^^^^^^^^^^^^^^^^^^^^^^
  File "/Users/km6297/miniconda3/envs/psrl-experiments/lib/python3.11/site-packages/starlette/middleware/base.py", line 168, in call_next
    raise app_exc from app_exc.__cause__ or app_exc.__context__
  File "/Users/km6297/miniconda3/envs/psrl-experiments/lib/python3.11/site-packages/starlette/middleware/base.py", line 144, in coro
    await self.app(scope, receive_or_disconnect, send_no_error)
  File "/Users/km6297/miniconda3/envs/psrl-experiments/lib/python3.11/site-packages/starlette/middleware/base.py", line 193, in __call__
    response = await self.dispatch_func(request, call_next)
               ^^^^^^^^^^^^^^^^^^^^^^^^^^^^^^^^^^^^^^^^^^^^
  File "/Users/km6297/miniconda3/envs/psrl-experiments/lib/python3.11/site-packages/nicegui/middlewares.py", line 13, in dispatch
    response = await call_next(request)
               ^^^^^^^^^^^^^^^^^^^^^^^^
  File "/Users/km6297/miniconda3/envs/psrl-experiments/lib/python3.11/site-packages/starlette/middleware/base.py", line 168, in call_next
    raise app_exc from app_exc.__cause__ or app_exc.__context__
  File "/Users/km6297/miniconda3/envs/psrl-experiments/lib/python3.11/site-packages/starlette/middleware/base.py", line 144, in coro
    await self.app(scope, receive_or_disconnect, send_no_error)
  File "/Users/km6297/miniconda3/envs/psrl-experiments/lib/python3.11/site-packages/starlette/middleware/gzip.py", line 29, in __call__
    await responder(scope, receive, send)
  File "/Users/km6297/miniconda3/envs/psrl-experiments/lib/python3.11/site-packages/starlette/middleware/gzip.py", line 130, in __call__
    await super().__call__(scope, receive, send)
  File "/Users/km6297/miniconda3/envs/psrl-experiments/lib/python3.11/site-packages/starlette/middleware/gzip.py", line 46, in __call__
    await self.app(scope, receive, self.send_with_compression)
  File "/Users/km6297/miniconda3/envs/psrl-experiments/lib/python3.11/site-packages/starlette/middleware/exceptions.py", line 63, in __call__
    await wrap_app_handling_exceptions(self.app, conn)(scope, receive, send)
  File "/Users/km6297/miniconda3/envs/psrl-experiments/lib/python3.11/site-packages/starlette/_exception_handler.py", line 53, in wrapped_app
    raise exc
  File "/Users/km6297/miniconda3/envs/psrl-experiments/lib/python3.11/site-packages/starlette/_exception_handler.py", line 42, in wrapped_app
    await app(scope, receive, sender)
  File "/Users/km6297/miniconda3/envs/psrl-experiments/lib/python3.11/site-packages/fastapi/middleware/asyncexitstack.py", line 18, in __call__
    await self.app(scope, receive, send)
  File "/Users/km6297/miniconda3/envs/psrl-experiments/lib/python3.11/site-packages/starlette/routing.py", line 660, in __call__
    await self.middleware_stack(scope, receive, send)
  File "/Users/km6297/miniconda3/envs/psrl-experiments/lib/python3.11/site-packages/starlette/routing.py", line 680, in app
    await route.handle(scope, receive, send)
  File "/Users/km6297/miniconda3/envs/psrl-experiments/lib/python3.11/site-packages/starlette/routing.py", line 276, in handle
    await self.app(scope, receive, send)
  File "/Users/km6297/miniconda3/envs/psrl-experiments/lib/python3.11/site-packages/fastapi/routing.py", line 134, in app
    await wrap_app_handling_exceptions(app, request)(scope, receive, send)
  File "/Users/km6297/miniconda3/envs/psrl-experiments/lib/python3.11/site-packages/starlette/_exception_handler.py", line 53, in wrapped_app
    raise exc
  File "/Users/km6297/miniconda3/envs/psrl-experiments/lib/python3.11/site-packages/starlette/_exception_handler.py", line 42, in wrapped_app
    await app(scope, receive, sender)
  File "/Users/km6297/miniconda3/envs/psrl-experiments/lib/python3.11/site-packages/fastapi/routing.py", line 120, in app
    response = await f(request)
               ^^^^^^^^^^^^^^^^
  File "/Users/km6297/miniconda3/envs/psrl-experiments/lib/python3.11/site-packages/fastapi/routing.py", line 674, in app
    raw_response = await run_endpoint_function(
                   ^^^^^^^^^^^^^^^^^^^^^^^^^^^^
  File "/Users/km6297/miniconda3/envs/psrl-experiments/lib/python3.11/site-packages/fastapi/routing.py", line 328, in run_endpoint_function
    return await dependant.call(**values)
           ^^^^^^^^^^^^^^^^^^^^^^^^^^^^^^
  File "/Users/km6297/miniconda3/envs/psrl-experiments/lib/python3.11/site-packages/nicegui/page.py", line 199, in decorated
    result = task.result()
             ^^^^^^^^^^^^^
  File "/Users/km6297/miniconda3/envs/psrl-experiments/lib/python3.11/site-packages/nicegui/page.py", line 180, in wait_for_result
    return create_500_error_page(e, request)
           ^^^^^^^^^^^^^^^^^^^^^^^^^^^^^^^^^
  File "/Users/km6297/miniconda3/envs/psrl-experiments/lib/python3.11/site-packages/nicegui/page.py", line 140, in create_500_error_page
    raise e
  File "/Users/km6297/miniconda3/envs/psrl-experiments/lib/python3.11/site-packages/nicegui/page.py", line 177, in wait_for_result
    return await result
           ^^^^^^^^^^^^
  File "/Users/km6297/Library/Mobile Documents/com~apple~CloudDocs/Desktop/projects/psrl/psrl-experiments/fourroom_concept/web_app.py", line 284, in index
    await start_experiment(meta_container, stage_container)
  File "/Users/km6297/Library/Mobile Documents/com~apple~CloudDocs/Desktop/projects/psrl/psrl-experiments/fourroom_concept/web_app.py", line 202, in start_experiment
    await finish_experiment(meta_container)
  File "/Users/km6297/Library/Mobile Documents/com~apple~CloudDocs/Desktop/projects/psrl/psrl-experiments/fourroom_concept/web_app.py", line 221, in finish_experiment
    "mazes": [
             ^
  File "/Users/km6297/Library/Mobile Documents/com~apple~CloudDocs/Desktop/projects/psrl/psrl-experiments/fourroom_concept/web_app.py", line 226, in <listcomp>
    "goals":          m["goals"],
                      ~^^^^^^^^^
KeyError: 'goals'
[0m[31muser 1/1:  1559327732 |block 3: undefined| |stage 3: undefined| nicewebrl.experiment - INFO - Block order: ['block_a5e7b50f410441d3b8bd8820ffae0e1f', 'block_269e14fbbc004a8aa96a077336b16c11', 'block_c3677ac35d9449f18abdb25b809af48e']
[0m[31muser 1/1:  1559327732 |block 3: undefined| |stage 3: undefined| nicegui - ERROR - 'goals'
  + Exception Group Traceback (most recent call last):
  |   File "/Users/km6297/miniconda3/envs/psrl-experiments/lib/python3.11/site-packages/starlette/_utils.py", line 85, in create_collapsing_task_group
  |     async with anyio.create_task_group() as tg:
  |   File "/Users/km6297/miniconda3/envs/psrl-experiments/lib/python3.11/site-packages/anyio/_backends/_asyncio.py", line 799, in __aexit__
  |     raise BaseExceptionGroup(
  | ExceptionGroup: unhandled errors in a TaskGroup (1 sub-exception)
  +-+---------------- 1 ----------------
    | Traceback (most recent call last):
    |   File "/Users/km6297/miniconda3/envs/psrl-experiments/lib/python3.11/site-packages/starlette/middleware/errors.py", line 164, in __call__
    |     await self.app(scope, receive, _send)
    |   File "/Users/km6297/miniconda3/envs/psrl-experiments/lib/python3.11/site-packages/starlette/middleware/sessions.py", line 88, in __call__
    |     await self.app(scope, receive, send_wrapper)
    |   File "/Users/km6297/miniconda3/envs/psrl-experiments/lib/python3.11/site-packages/starlette/middleware/base.py", line 193, in __call__
    |     response = await self.dispatch_func(request, call_next)
    |                ^^^^^^^^^^^^^^^^^^^^^^^^^^^^^^^^^^^^^^^^^^^^
    |   File "/Users/km6297/miniconda3/envs/psrl-experiments/lib/python3.11/site-packages/nicegui/storage.py", line 39, in dispatch
    |     response = await call_next(request)
    |                ^^^^^^^^^^^^^^^^^^^^^^^^
    |   File "/Users/km6297/miniconda3/envs/psrl-experiments/lib/python3.11/site-packages/starlette/middleware/base.py", line 168, in call_next
    |     raise app_exc from app_exc.__cause__ or app_exc.__context__
    |   File "/Users/km6297/miniconda3/envs/psrl-experiments/lib/python3.11/site-packages/starlette/middleware/base.py", line 144, in coro
    |     await self.app(scope, receive_or_disconnect, send_no_error)
    |   File "/Users/km6297/miniconda3/envs/psrl-experiments/lib/python3.11/site-packages/starlette/middleware/base.py", line 193, in __call__
    |     response = await self.dispatch_func(request, call_next)
    |                ^^^^^^^^^^^^^^^^^^^^^^^^^^^^^^^^^^^^^^^^^^^^
    |   File "/Users/km6297/miniconda3/envs/psrl-experiments/lib/python3.11/site-packages/nicegui/middlewares.py", line 23, in dispatch
    |     response = await call_next(request)
    |                ^^^^^^^^^^^^^^^^^^^^^^^^
    |   File "/Users/km6297/miniconda3/envs/psrl-experiments/lib/python3.11/site-packages/starlette/middleware/base.py", line 168, in call_next
    |     raise app_exc from app_exc.__cause__ or app_exc.__context__
    |   File "/Users/km6297/miniconda3/envs/psrl-experiments/lib/python3.11/site-packages/starlette/middleware/base.py", line 144, in coro
    |     await self.app(scope, receive_or_disconnect, send_no_error)
    |   File "/Users/km6297/miniconda3/envs/psrl-experiments/lib/python3.11/site-packages/starlette/middleware/base.py", line 193, in __call__
    |     response = await self.dispatch_func(request, call_next)
    |                ^^^^^^^^^^^^^^^^^^^^^^^^^^^^^^^^^^^^^^^^^^^^
    |   File "/Users/km6297/miniconda3/envs/psrl-experiments/lib/python3.11/site-packages/nicegui/middlewares.py", line 13, in dispatch
    |     response = await call_next(request)
    |                ^^^^^^^^^^^^^^^^^^^^^^^^
    |   File "/Users/km6297/miniconda3/envs/psrl-experiments/lib/python3.11/site-packages/starlette/middleware/base.py", line 168, in call_next
    |     raise app_exc from app_exc.__cause__ or app_exc.__context__
    |   File "/Users/km6297/miniconda3/envs/psrl-experiments/lib/python3.11/site-packages/starlette/middleware/base.py", line 144, in coro
    |     await self.app(scope, receive_or_disconnect, send_no_error)
    |   File "/Users/km6297/miniconda3/envs/psrl-experiments/lib/python3.11/site-packages/starlette/middleware/gzip.py", line 29, in __call__
    |     await responder(scope, receive, send)
    |   File "/Users/km6297/miniconda3/envs/psrl-experiments/lib/python3.11/site-packages/starlette/middleware/gzip.py", line 130, in __call__
    |     await super().__call__(scope, receive, send)
    |   File "/Users/km6297/miniconda3/envs/psrl-experiments/lib/python3.11/site-packages/starlette/middleware/gzip.py", line 46, in __call__
    |     await self.app(scope, receive, self.send_with_compression)
    |   File "/Users/km6297/miniconda3/envs/psrl-experiments/lib/python3.11/site-packages/starlette/middleware/exceptions.py", line 63, in __call__
    |     await wrap_app_handling_exceptions(self.app, conn)(scope, receive, send)
    |   File "/Users/km6297/miniconda3/envs/psrl-experiments/lib/python3.11/site-packages/starlette/_exception_handler.py", line 53, in wrapped_app
    |     raise exc
    |   File "/Users/km6297/miniconda3/envs/psrl-experiments/lib/python3.11/site-packages/starlette/_exception_handler.py", line 42, in wrapped_app
    |     await app(scope, receive, sender)
    |   File "/Users/km6297/miniconda3/envs/psrl-experiments/lib/python3.11/site-packages/fastapi/middleware/asyncexitstack.py", line 18, in __call__
    |     await self.app(scope, receive, send)
    |   File "/Users/km6297/miniconda3/envs/psrl-experiments/lib/python3.11/site-packages/starlette/routing.py", line 660, in __call__
    |     await self.middleware_stack(scope, receive, send)
    |   File "/Users/km6297/miniconda3/envs/psrl-experiments/lib/python3.11/site-packages/starlette/routing.py", line 680, in app
    |     await route.handle(scope, receive, send)
    |   File "/Users/km6297/miniconda3/envs/psrl-experiments/lib/python3.11/site-packages/starlette/routing.py", line 276, in handle
    |     await self.app(scope, receive, send)
    |   File "/Users/km6297/miniconda3/envs/psrl-experiments/lib/python3.11/site-packages/fastapi/routing.py", line 134, in app
    |     await wrap_app_handling_exceptions(app, request)(scope, receive, send)
    |   File "/Users/km6297/miniconda3/envs/psrl-experiments/lib/python3.11/site-packages/starlette/_exception_handler.py", line 53, in wrapped_app
    |     raise exc
    |   File "/Users/km6297/miniconda3/envs/psrl-experiments/lib/python3.11/site-packages/starlette/_exception_handler.py", line 42, in wrapped_app
    |     await app(scope, receive, sender)
    |   File "/Users/km6297/miniconda3/envs/psrl-experiments/lib/python3.11/site-packages/fastapi/routing.py", line 120, in app
    |     response = await f(request)
    |                ^^^^^^^^^^^^^^^^
    |   File "/Users/km6297/miniconda3/envs/psrl-experiments/lib/python3.11/site-packages/fastapi/routing.py", line 674, in app
    |     raw_response = await run_endpoint_function(
    |                    ^^^^^^^^^^^^^^^^^^^^^^^^^^^^
    |   File "/Users/km6297/miniconda3/envs/psrl-experiments/lib/python3.11/site-packages/fastapi/routing.py", line 328, in run_endpoint_function
    |     return await dependant.call(**values)
    |            ^^^^^^^^^^^^^^^^^^^^^^^^^^^^^^
    |   File "/Users/km6297/miniconda3/envs/psrl-experiments/lib/python3.11/site-packages/nicegui/page.py", line 199, in decorated
    |     result = task.result()
    |              ^^^^^^^^^^^^^
    |   File "/Users/km6297/miniconda3/envs/psrl-experiments/lib/python3.11/site-packages/nicegui/page.py", line 180, in wait_for_result
    |     return create_500_error_page(e, request)
    |            ^^^^^^^^^^^^^^^^^^^^^^^^^^^^^^^^^
    |   File "/Users/km6297/miniconda3/envs/psrl-experiments/lib/python3.11/site-packages/nicegui/page.py", line 140, in create_500_error_page
    |     raise e
    |   File "/Users/km6297/miniconda3/envs/psrl-experiments/lib/python3.11/site-packages/nicegui/page.py", line 177, in wait_for_result
    |     return await result
    |            ^^^^^^^^^^^^
    |   File "/Users/km6297/Library/Mobile Documents/com~apple~CloudDocs/Desktop/projects/psrl/psrl-experiments/fourroom_concept/web_app.py", line 284, in index
    |     await start_experiment(meta_container, stage_container)
    |   File "/Users/km6297/Library/Mobile Documents/com~apple~CloudDocs/Desktop/projects/psrl/psrl-experiments/fourroom_concept/web_app.py", line 202, in start_experiment
    |     await finish_experiment(meta_container)
    |   File "/Users/km6297/Library/Mobile Documents/com~apple~CloudDocs/Desktop/projects/psrl/psrl-experiments/fourroom_concept/web_app.py", line 221, in finish_experiment
    |     "mazes": [
    |              ^
    |   File "/Users/km6297/Library/Mobile Documents/com~apple~CloudDocs/Desktop/projects/psrl/psrl-experiments/fourroom_concept/web_app.py", line 226, in <listcomp>
    |     "goals":          m["goals"],
    |                       ~^^^^^^^^^
    | KeyError: 'goals'
    +------------------------------------

The above exception was the direct cause of the following exception:

Traceback (most recent call last):
  File "/Users/km6297/miniconda3/envs/psrl-experiments/lib/python3.11/site-packages/starlette/middleware/errors.py", line 164, in __call__
    await self.app(scope, receive, _send)
  File "/Users/km6297/miniconda3/envs/psrl-experiments/lib/python3.11/site-packages/starlette/middleware/sessions.py", line 88, in __call__
    await self.app(scope, receive, send_wrapper)
  File "/Users/km6297/miniconda3/envs/psrl-experiments/lib/python3.11/site-packages/starlette/middleware/base.py", line 193, in __call__
    response = await self.dispatch_func(request, call_next)
               ^^^^^^^^^^^^^^^^^^^^^^^^^^^^^^^^^^^^^^^^^^^^
  File "/Users/km6297/miniconda3/envs/psrl-experiments/lib/python3.11/site-packages/nicegui/storage.py", line 39, in dispatch
    response = await call_next(request)
               ^^^^^^^^^^^^^^^^^^^^^^^^
  File "/Users/km6297/miniconda3/envs/psrl-experiments/lib/python3.11/site-packages/starlette/middleware/base.py", line 168, in call_next
    raise app_exc from app_exc.__cause__ or app_exc.__context__
  File "/Users/km6297/miniconda3/envs/psrl-experiments/lib/python3.11/site-packages/starlette/middleware/base.py", line 144, in coro
    await self.app(scope, receive_or_disconnect, send_no_error)
  File "/Users/km6297/miniconda3/envs/psrl-experiments/lib/python3.11/site-packages/starlette/middleware/base.py", line 193, in __call__
    response = await self.dispatch_func(request, call_next)
               ^^^^^^^^^^^^^^^^^^^^^^^^^^^^^^^^^^^^^^^^^^^^
  File "/Users/km6297/miniconda3/envs/psrl-experiments/lib/python3.11/site-packages/nicegui/middlewares.py", line 23, in dispatch
    response = await call_next(request)
               ^^^^^^^^^^^^^^^^^^^^^^^^
  File "/Users/km6297/miniconda3/envs/psrl-experiments/lib/python3.11/site-packages/starlette/middleware/base.py", line 168, in call_next
    raise app_exc from app_exc.__cause__ or app_exc.__context__
  File "/Users/km6297/miniconda3/envs/psrl-experiments/lib/python3.11/site-packages/starlette/middleware/base.py", line 144, in coro
    await self.app(scope, receive_or_disconnect, send_no_error)
  File "/Users/km6297/miniconda3/envs/psrl-experiments/lib/python3.11/site-packages/starlette/middleware/base.py", line 193, in __call__
    response = await self.dispatch_func(request, call_next)
               ^^^^^^^^^^^^^^^^^^^^^^^^^^^^^^^^^^^^^^^^^^^^
  File "/Users/km6297/miniconda3/envs/psrl-experiments/lib/python3.11/site-packages/nicegui/middlewares.py", line 13, in dispatch
    response = await call_next(request)
               ^^^^^^^^^^^^^^^^^^^^^^^^
  File "/Users/km6297/miniconda3/envs/psrl-experiments/lib/python3.11/site-packages/starlette/middleware/base.py", line 168, in call_next
    raise app_exc from app_exc.__cause__ or app_exc.__context__
  File "/Users/km6297/miniconda3/envs/psrl-experiments/lib/python3.11/site-packages/starlette/middleware/base.py", line 144, in coro
    await self.app(scope, receive_or_disconnect, send_no_error)
  File "/Users/km6297/miniconda3/envs/psrl-experiments/lib/python3.11/site-packages/starlette/middleware/gzip.py", line 29, in __call__
    await responder(scope, receive, send)
  File "/Users/km6297/miniconda3/envs/psrl-experiments/lib/python3.11/site-packages/starlette/middleware/gzip.py", line 130, in __call__
    await super().__call__(scope, receive, send)
  File "/Users/km6297/miniconda3/envs/psrl-experiments/lib/python3.11/site-packages/starlette/middleware/gzip.py", line 46, in __call__
    await self.app(scope, receive, self.send_with_compression)
  File "/Users/km6297/miniconda3/envs/psrl-experiments/lib/python3.11/site-packages/starlette/middleware/exceptions.py", line 63, in __call__
    await wrap_app_handling_exceptions(self.app, conn)(scope, receive, send)
  File "/Users/km6297/miniconda3/envs/psrl-experiments/lib/python3.11/site-packages/starlette/_exception_handler.py", line 53, in wrapped_app
    raise exc
  File "/Users/km6297/miniconda3/envs/psrl-experiments/lib/python3.11/site-packages/starlette/_exception_handler.py", line 42, in wrapped_app
    await app(scope, receive, sender)
  File "/Users/km6297/miniconda3/envs/psrl-experiments/lib/python3.11/site-packages/fastapi/middleware/asyncexitstack.py", line 18, in __call__
    await self.app(scope, receive, send)
  File "/Users/km6297/miniconda3/envs/psrl-experiments/lib/python3.11/site-packages/starlette/routing.py", line 660, in __call__
    await self.middleware_stack(scope, receive, send)
  File "/Users/km6297/miniconda3/envs/psrl-experiments/lib/python3.11/site-packages/starlette/routing.py", line 680, in app
    await route.handle(scope, receive, send)
  File "/Users/km6297/miniconda3/envs/psrl-experiments/lib/python3.11/site-packages/starlette/routing.py", line 276, in handle
    await self.app(scope, receive, send)
  File "/Users/km6297/miniconda3/envs/psrl-experiments/lib/python3.11/site-packages/fastapi/routing.py", line 134, in app
    await wrap_app_handling_exceptions(app, request)(scope, receive, send)
  File "/Users/km6297/miniconda3/envs/psrl-experiments/lib/python3.11/site-packages/starlette/_exception_handler.py", line 53, in wrapped_app
    raise exc
  File "/Users/km6297/miniconda3/envs/psrl-experiments/lib/python3.11/site-packages/starlette/_exception_handler.py", line 42, in wrapped_app
    await app(scope, receive, sender)
  File "/Users/km6297/miniconda3/envs/psrl-experiments/lib/python3.11/site-packages/fastapi/routing.py", line 120, in app
    response = await f(request)
               ^^^^^^^^^^^^^^^^
  File "/Users/km6297/miniconda3/envs/psrl-experiments/lib/python3.11/site-packages/fastapi/routing.py", line 674, in app
    raw_response = await run_endpoint_function(
                   ^^^^^^^^^^^^^^^^^^^^^^^^^^^^
  File "/Users/km6297/miniconda3/envs/psrl-experiments/lib/python3.11/site-packages/fastapi/routing.py", line 328, in run_endpoint_function
    return await dependant.call(**values)
           ^^^^^^^^^^^^^^^^^^^^^^^^^^^^^^
  File "/Users/km6297/miniconda3/envs/psrl-experiments/lib/python3.11/site-packages/nicegui/page.py", line 199, in decorated
    result = task.result()
             ^^^^^^^^^^^^^
  File "/Users/km6297/miniconda3/envs/psrl-experiments/lib/python3.11/site-packages/nicegui/page.py", line 180, in wait_for_result
    return create_500_error_page(e, request)
           ^^^^^^^^^^^^^^^^^^^^^^^^^^^^^^^^^
  File "/Users/km6297/miniconda3/envs/psrl-experiments/lib/python3.11/site-packages/nicegui/page.py", line 140, in create_500_error_page
    raise e
  File "/Users/km6297/miniconda3/envs/psrl-experiments/lib/python3.11/site-packages/nicegui/page.py", line 177, in wait_for_result
    return await result
           ^^^^^^^^^^^^
  File "/Users/km6297/Library/Mobile Documents/com~apple~CloudDocs/Desktop/projects/psrl/psrl-experiments/fourroom_concept/web_app.py", line 284, in index
    await start_experiment(meta_container, stage_container)
  File "/Users/km6297/Library/Mobile Documents/com~apple~CloudDocs/Desktop/projects/psrl/psrl-experiments/fourroom_concept/web_app.py", line 202, in start_experiment
    await finish_experiment(meta_container)
  File "/Users/km6297/Library/Mobile Documents/com~apple~CloudDocs/Desktop/projects/psrl/psrl-experiments/fourroom_concept/web_app.py", line 221, in finish_experiment
    "mazes": [
             ^
  File "/Users/km6297/Library/Mobile Documents/com~apple~CloudDocs/Desktop/projects/psrl/psrl-experiments/fourroom_concept/web_app.py", line 226, in <listcomp>
    "goals":          m["goals"],
                      ~^^^^^^^^^
KeyError: 'goals'
[0m[31muser 1/1:  1559327732 |block 3: undefined| |stage 3: undefined| nicewebrl.experiment - INFO - Block order: ['block_80639b0fae184c86bd700e25e557bde7', 'block_f0b82982721642c7b72e83eea185de6c', 'block_f5d4d2b84bfb4862aeaf28ab50634b9d']
[0m[31muser 1/1:  1559327732 |block 3: undefined| |stage 3: undefined| __mp_main__ - INFO - Discarding stale session state (old format)
[0m[31muser 1/1:  1559327732 |block 3: undefined| |stage 3: undefined| __mp_main__ - INFO - New episode: mode=no-repeat dims=['shape', 'color'] n_kinds={'shape': 4, 'color': 4} n_goals=4 rule=color='yellow'
[0m[31muser 1/1:  1559327732 |block 3: undefined| |stage 3: undefined| __mp_main__ - INFO - Metadata saved → ./data/user_meta_1559327732.json
[0m[31muser 1/1:  1559327732 |block 3: undefined| |stage 3: undefined| nicewebrl.utils - INFO - {'message': 'Ping 6367'}
[0m[31muser 1/1:  1559327732 |block 3: undefined| |stage 3: undefined| nicewebrl.experiment - INFO - Block order: ['block_96ce13d72b60490cbe93a0f7343bd9e4', 'block_9cae742ca0c34e75a35d12605b87d6c7', 'block_ff4b60a056fe4e2dbae48cef5cc8bf03']
[0m[31muser 1/1:  1559327732 |block 3: undefined| |stage 3: undefined| __mp_main__ - INFO - Metadata saved → ./data/user_meta_1559327732.json
[0m[31muser 1/1:  1559327732 |block 3: undefined| |stage 3: undefined| nicewebrl.utils - INFO - {'message': 'Ping 8475'}
[0m[31muser 1/1:  1559327732 |block 3: undefined| |stage 3: undefined| nicegui - WARNING - http://localhost:8084/.well-known/appspecific/com.chrome.devtools.json not found
[0m