[31muser 1/1:  1714282266 |block 0: undefined| |stage 0: undefined| nicewebrl.experiment - INFO - Block order: ['block_18a00fea2fd64ba5b0b2bdbc9ae0583e', 'block_c26dd79828124efdaef7ce293f232796', 'block_7185e296138e4e7fa944bcda1ca6eda6']
[0m[31muser 1/1:  1714282266 |block 0: undefined| |stage 0: undefined| __mp_main__ - INFO - New episode: mode=bijection dims=['shape', 'color', 'texture'] n_kinds={'shape': 5, 'color': 5, 'texture': 5} n_goals=4 rule=texture='chevron'
[0m[31muser 1/1:  1714282266 |block 0: block_18a00fea2fd64ba5b0b2bdbc9ae0583e| |stage 0: Instructions| nicegui - WARNING - http://localhost:8084/.well-known/appspecific/com.chrome.devtools.json not found
[0m[31muser 1/1:  1714282266 |block 0: block_18a00fea2fd64ba5b0b2bdbc9ae0583e| |stage 0: Instructions| nicewebrl.utils - INFO - {'message': 'Ping 6441'}
[0m[31muser 1/1:  1714282266 |block 1: block_c26dd79828124efdaef7ce293f232796| |stage 1: GridWorld| nicegui - ERROR - No TortoiseContext is currently active. Use 'async with TortoiseContext() as ctx:' to create one, or call Tortoise.init() for global state.
Traceback (most recent call last):
  File "/Users/km6297/miniconda3/envs/psrl-experiments/lib/python3.11/site-packages/nicegui/events.py", line 480, in _await_and_handle_in_context
    await awaitable
  File "/Users/km6297/Library/Mobile Documents/com~apple~CloudDocs/Desktop/projects/psrl/psrl-experiments/fourroom_concept/web_app.py", line 137, in global_handle_key_press
    await handler(stage, e, container)
  File "/Users/km6297/Library/Mobile Documents/com~apple~CloudDocs/Desktop/projects/psrl/psrl-experiments/fourroom_concept/experiment_structure.py", line 399, in gridworld_handle_key_press
    await _apply_action(action, stage, grid_html, log_html, maze_label, next_btn)
  File "/Users/km6297/Library/Mobile Documents/com~apple~CloudDocs/Desktop/projects/psrl/psrl-experiments/fourroom_concept/experiment_structure.py", line 342, in _apply_action
    await _log_step(action, prev_state, new_state, info)
  File "/Users/km6297/Library/Mobile Documents/com~apple~CloudDocs/Desktop/projects/psrl/psrl-experiments/fourroom_concept/experiment_structure.py", line 96, in _log_step
    await Step.create(
  File "/Users/km6297/miniconda3/envs/psrl-experiments/lib/python3.11/site-packages/tortoise/models.py", line 1386, in create
    db = using_db or cls._choose_db(True)
                     ^^^^^^^^^^^^^^^^^^^^
  File "/Users/km6297/miniconda3/envs/psrl-experiments/lib/python3.11/site-packages/tortoise/models.py", line 1266, in _choose_db
    return db or cls._meta.db
                 ^^^^^^^^^^^^
  File "/Users/km6297/miniconda3/envs/psrl-experiments/lib/python3.11/site-packages/tortoise/models.py", line 296, in db
    return get_connection(self.default_connection)
           ^^^^^^^^^^^^^^^^^^^^^^^^^^^^^^^^^^^^^^^
  File "/Users/km6297/miniconda3/envs/psrl-experiments/lib/python3.11/site-packages/tortoise/connection.py", line 327, in get_connection
    return require_context().connections.get(alias)
           ^^^^^^^^^^^^^^^^^
  File "/Users/km6297/miniconda3/envs/psrl-experiments/lib/python3.11/site-packages/tortoise/context.py", line 111, in require_context
    raise RuntimeError(
RuntimeError: No TortoiseContext is currently active. Use 'async with TortoiseContext() as ctx:' to create one, or call Tortoise.init() for global state.
[0m[31muser 1/1:  1714282266 |block 1: block_c26dd79828124efdaef7ce293f232796| |stage 1: GridWorld| nicegui - ERROR - No TortoiseContext is currently active. Use 'async with TortoiseContext() as ctx:' to create one, or call Tortoise.init() for global state.
Traceback (most recent call last):
  File "/Users/km6297/miniconda3/envs/psrl-experiments/lib/python3.11/site-packages/nicegui/events.py", line 480, in _await_and_handle_in_context
    await awaitable
  File "/Users/km6297/Library/Mobile Documents/com~apple~CloudDocs/Desktop/projects/psrl/psrl-experiments/fourroom_concept/web_app.py", line 137, in global_handle_key_press
    await handler(stage, e, container)
  File "/Users/km6297/Library/Mobile Documents/com~apple~CloudDocs/Desktop/projects/psrl/psrl-experiments/fourroom_concept/experiment_structure.py", line 399, in gridworld_handle_key_press
    await _apply_action(action, stage, grid_html, log_html, maze_label, next_btn)
  File "/Users/km6297/Library/Mobile Documents/com~apple~CloudDocs/Desktop/projects/psrl/psrl-experiments/fourroom_concept/experiment_structure.py", line 342, in _apply_action
    await _log_step(action, prev_state, new_state, info)
  File "/Users/km6297/Library/Mobile Documents/com~apple~CloudDocs/Desktop/projects/psrl/psrl-experiments/fourroom_concept/experiment_structure.py", line 96, in _log_step
    await Step.create(
  File "/Users/km6297/miniconda3/envs/psrl-experiments/lib/python3.11/site-packages/tortoise/models.py", line 1386, in create
    db = using_db or cls._choose_db(True)
                     ^^^^^^^^^^^^^^^^^^^^
  File "/Users/km6297/miniconda3/envs/psrl-experiments/lib/python3.11/site-packages/tortoise/models.py", line 1266, in _choose_db
    return db or cls._meta.db
                 ^^^^^^^^^^^^
  File "/Users/km6297/miniconda3/envs/psrl-experiments/lib/python3.11/site-packages/tortoise/models.py", line 296, in db
    return get_connection(self.default_connection)
           ^^^^^^^^^^^^^^^^^^^^^^^^^^^^^^^^^^^^^^^
  File "/Users/km6297/miniconda3/envs/psrl-experiments/lib/python3.11/site-packages/tortoise/connection.py", line 327, in get_connection
    return require_context().connections.get(alias)
           ^^^^^^^^^^^^^^^^^
  File "/Users/km6297/miniconda3/envs/psrl-experiments/lib/python3.11/site-packages/tortoise/context.py", line 111, in require_context
    raise RuntimeError(
RuntimeError: No TortoiseContext is currently active. Use 'async with TortoiseContext() as ctx:' to create one, or call Tortoise.init() for global state.
[0m[31muser 1/1:  1714282266 |block 1: block_c26dd79828124efdaef7ce293f232796| |stage 1: GridWorld| nicegui - ERROR - No TortoiseContext is currently active. Use 'async with TortoiseContext() as ctx:' to create one, or call Tortoise.init() for global state.
Traceback (most recent call last):
  File "/Users/km6297/miniconda3/envs/psrl-experiments/lib/python3.11/site-packages/nicegui/events.py", line 480, in _await_and_handle_in_context
    await awaitable
  File "/Users/km6297/Library/Mobile Documents/com~apple~CloudDocs/Desktop/projects/psrl/psrl-experiments/fourroom_concept/web_app.py", line 137, in global_handle_key_press
    await handler(stage, e, container)
  File "/Users/km6297/Library/Mobile Documents/com~apple~CloudDocs/Desktop/projects/psrl/psrl-experiments/fourroom_concept/experiment_structure.py", line 399, in gridworld_handle_key_press
    await _apply_action(action, stage, grid_html, log_html, maze_label, next_btn)
  File "/Users/km6297/Library/Mobile Documents/com~apple~CloudDocs/Desktop/projects/psrl/psrl-experiments/fourroom_concept/experiment_structure.py", line 342, in _apply_action
    await _log_step(action, prev_state, new_state, info)
  File "/Users/km6297/Library/Mobile Documents/com~apple~CloudDocs/Desktop/projects/psrl/psrl-experiments/fourroom_concept/experiment_structure.py", line 96, in _log_step
    await Step.create(
  File "/Users/km6297/miniconda3/envs/psrl-experiments/lib/python3.11/site-packages/tortoise/models.py", line 1386, in create
    db = using_db or cls._choose_db(True)
                     ^^^^^^^^^^^^^^^^^^^^
  File "/Users/km6297/miniconda3/envs/psrl-experiments/lib/python3.11/site-packages/tortoise/models.py", line 1266, in _choose_db
    return db or cls._meta.db
                 ^^^^^^^^^^^^
  File "/Users/km6297/miniconda3/envs/psrl-experiments/lib/python3.11/site-packages/tortoise/models.py", line 296, in db
    return get_connection(self.default_connection)
           ^^^^^^^^^^^^^^^^^^^^^^^^^^^^^^^^^^^^^^^
  File "/Users/km6297/miniconda3/envs/psrl-experiments/lib/python3.11/site-packages/tortoise/connection.py", line 327, in get_connection
    return require_context().connections.get(alias)
           ^^^^^^^^^^^^^^^^^
  File "/Users/km6297/miniconda3/envs/psrl-experiments/lib/python3.11/site-packages/tortoise/context.py", line 111, in require_context
    raise RuntimeError(
RuntimeError: No TortoiseContext is currently active. Use 'async with TortoiseContext() as ctx:' to create one, or call Tortoise.init() for global state.
[0m[31muser 1/1:  1714282266 |block 1: block_c26dd79828124efdaef7ce293f232796| |stage 1: GridWorld| nicegui - ERROR - No TortoiseContext is currently active. Use 'async with TortoiseContext() as ctx:' to create one, or call Tortoise.init() for global state.
Traceback (most recent call last):
  File "/Users/km6297/miniconda3/envs/psrl-experiments/lib/python3.11/site-packages/nicegui/events.py", line 480, in _await_and_handle_in_context
    await awaitable
  File "/Users/km6297/Library/Mobile Documents/com~apple~CloudDocs/Desktop/projects/psrl/psrl-experiments/fourroom_concept/web_app.py", line 137, in global_handle_key_press
    await handler(stage, e, container)
  File "/Users/km6297/Library/Mobile Documents/com~apple~CloudDocs/Desktop/projects/psrl/psrl-experiments/fourroom_concept/experiment_structure.py", line 399, in gridworld_handle_key_press
    await _apply_action(action, stage, grid_html, log_html, maze_label, next_btn)
  File "/Users/km6297/Library/Mobile Documents/com~apple~CloudDocs/Desktop/projects/psrl/psrl-experiments/fourroom_concept/experiment_structure.py", line 342, in _apply_action
    await _log_step(action, prev_state, new_state, info)
  File "/Users/km6297/Library/Mobile Documents/com~apple~CloudDocs/Desktop/projects/psrl/psrl-experiments/fourroom_concept/experiment_structure.py", line 96, in _log_step
    await Step.create(
  File "/Users/km6297/miniconda3/envs/psrl-experiments/lib/python3.11/site-packages/tortoise/models.py", line 1386, in create
    db = using_db or cls._choose_db(True)
                     ^^^^^^^^^^^^^^^^^^^^
  File "/Users/km6297/miniconda3/envs/psrl-experiments/lib/python3.11/site-packages/tortoise/models.py", line 1266, in _choose_db
    return db or cls._meta.db
                 ^^^^^^^^^^^^
  File "/Users/km6297/miniconda3/envs/psrl-experiments/lib/python3.11/site-packages/tortoise/models.py", line 296, in db
    return get_connection(self.default_connection)
           ^^^^^^^^^^^^^^^^^^^^^^^^^^^^^^^^^^^^^^^
  File "/Users/km6297/miniconda3/envs/psrl-experiments/lib/python3.11/site-packages/tortoise/connection.py", line 327, in get_connection
    return require_context().connections.get(alias)
           ^^^^^^^^^^^^^^^^^
  File "/Users/km6297/miniconda3/envs/psrl-experiments/lib/python3.11/site-packages/tortoise/context.py", line 111, in require_context
    raise RuntimeError(
RuntimeError: No TortoiseContext is currently active. Use 'async with TortoiseContext() as ctx:' to create one, or call Tortoise.init() for global state.
[0m[31muser 1/1:  1714282266 |block 1: block_c26dd79828124efdaef7ce293f232796| |stage 1: GridWorld| nicegui - ERROR - No TortoiseContext is currently active. Use 'async with TortoiseContext() as ctx:' to create one, or call Tortoise.init() for global state.
Traceback (most recent call last):
  File "/Users/km6297/miniconda3/envs/psrl-experiments/lib/python3.11/site-packages/nicegui/events.py", line 480, in _await_and_handle_in_context
    await awaitable
  File "/Users/km6297/Library/Mobile Documents/com~apple~CloudDocs/Desktop/projects/psrl/psrl-experiments/fourroom_concept/web_app.py", line 137, in global_handle_key_press
    await handler(stage, e, container)
  File "/Users/km6297/Library/Mobile Documents/com~apple~CloudDocs/Desktop/projects/psrl/psrl-experiments/fourroom_concept/experiment_structure.py", line 399, in gridworld_handle_key_press
    await _apply_action(action, stage, grid_html, log_html, maze_label, next_btn)
  File "/Users/km6297/Library/Mobile Documents/com~apple~CloudDocs/Desktop/projects/psrl/psrl-experiments/fourroom_concept/experiment_structure.py", line 342, in _apply_action
    await _log_step(action, prev_state, new_state, info)
  File "/Users/km6297/Library/Mobile Documents/com~apple~CloudDocs/Desktop/projects/psrl/psrl-experiments/fourroom_concept/experiment_structure.py", line 96, in _log_step
    await Step.create(
  File "/Users/km6297/miniconda3/envs/psrl-experiments/lib/python3.11/site-packages/tortoise/models.py", line 1386, in create
    db = using_db or cls._choose_db(True)
                     ^^^^^^^^^^^^^^^^^^^^
  File "/Users/km6297/miniconda3/envs/psrl-experiments/lib/python3.11/site-packages/tortoise/models.py", line 1266, in _choose_db
    return db or cls._meta.db
                 ^^^^^^^^^^^^
  File "/Users/km6297/miniconda3/envs/psrl-experiments/lib/python3.11/site-packages/tortoise/models.py", line 296, in db
    return get_connection(self.default_connection)
           ^^^^^^^^^^^^^^^^^^^^^^^^^^^^^^^^^^^^^^^
  File "/Users/km6297/miniconda3/envs/psrl-experiments/lib/python3.11/site-packages/tortoise/connection.py", line 327, in get_connection
    return require_context().connections.get(alias)
           ^^^^^^^^^^^^^^^^^
  File "/Users/km6297/miniconda3/envs/psrl-experiments/lib/python3.11/site-packages/tortoise/context.py", line 111, in require_context
    raise RuntimeError(
RuntimeError: No TortoiseContext is currently active. Use 'async with TortoiseContext() as ctx:' to create one, or call Tortoise.init() for global state.
[0m[31muser 1/1:  1714282266 |block 1: block_c26dd79828124efdaef7ce293f232796| |stage 1: GridWorld| nicewebrl.utils - INFO - {'message': 'Ping 1969'}
[0m[31muser 1/1:  1714282266 |block 1: block_c26dd79828124efdaef7ce293f232796| |stage 1: GridWorld| nicewebrl.utils - INFO - {'message': 'Ping 7980'}
[0m[31muser 1/1:  1714282266 |block 1: block_c26dd79828124efdaef7ce293f232796| |stage 1: GridWorld| nicewebrl.utils - INFO - {'message': 'Ping 2838'}
[0m