[34muser 4/4:  3853293827 |block 0: undefined| |stage 0: undefined| nicewebrl.experiment - INFO - Block order: ['block_e13f1040c64e40ce822e490d8426f388', 'block_38b84cd4c9e147e7a39586b8e1724345', 'block_3689142b105d49ca9020ebd0baab0100']
[0m[34muser 4/4:  3853293827 |block 0: undefined| |stage 0: undefined| nicegui - ERROR - n_goals=8 exceeds number of rooms (4)
  + Exception Group Traceback (most recent call last):
  |   File "/Users/km6297/miniconda3/envs/psrl-experiments/lib/python3.11/site-packages/starlette/_utils.py", line 85, in create_collapsing_task_group
  |     async with anyio.create_task_group() as tg:
  |   File "/Users/km6297/miniconda3/envs/psrl-experiments/lib/python3.11/site-packages/anyio/_backends/_asyncio.py", line 799, in __aexit__
  |     raise BaseExceptionGroup(
  | ExceptionGroup: unhandled errors in a TaskGroup (1 sub-exception)
  +-+---------------- 1 ----------------
    | Traceback (most recent call last):
    |   File "/Users/km6297/miniconda3/envs/psrl-experiments/lib/python3.11/site-packages/starlette/middleware/errors.py", line 164, in __call__
    |     await self.app(scope, receive, _send)
    |   File "/Users/km6297/miniconda3/envs/psrl-experiments/lib/python3.11/site-packages/starlette/middleware/sessions.py", line 88, in __call__
    |     await self.app(scope, receive, send_wrapper)
    |   File "/Users/km6297/miniconda3/envs/psrl-experiments/lib/python3.11/site-packages/starlette/middleware/base.py", line 193, in __call__
    |     response = await self.dispatch_func(request, call_next)
    |                ^^^^^^^^^^^^^^^^^^^^^^^^^^^^^^^^^^^^^^^^^^^^
    |   File "/Users/km6297/miniconda3/envs/psrl-experiments/lib/python3.11/site-packages/nicegui/storage.py", line 39, in dispatch
    |     response = await call_next(request)
    |                ^^^^^^^^^^^^^^^^^^^^^^^^
    |   File "/Users/km6297/miniconda3/envs/psrl-experiments/lib/python3.11/site-packages/starlette/middleware/base.py", line 168, in call_next
    |     raise app_exc from app_exc.__cause__ or app_exc.__context__
    |   File "/Users/km6297/miniconda3/envs/psrl-experiments/lib/python3.11/site-packages/starlette/middleware/base.py", line 144, in coro
    |     await self.app(scope, receive_or_disconnect, send_no_error)
    |   File "/Users/km6297/miniconda3/envs/psrl-experiments/lib/python3.11/site-packages/starlette/middleware/base.py", line 193, in __call__
    |     response = await self.dispatch_func(request, call_next)
    |                ^^^^^^^^^^^^^^^^^^^^^^^^^^^^^^^^^^^^^^^^^^^^
    |   File "/Users/km6297/miniconda3/envs/psrl-experiments/lib/python3.11/site-packages/nicegui/middlewares.py", line 23, in dispatch
    |     response = await call_next(request)
    |                ^^^^^^^^^^^^^^^^^^^^^^^^
    |   File "/Users/km6297/miniconda3/envs/psrl-experiments/lib/python3.11/site-packages/starlette/middleware/base.py", line 168, in call_next
    |     raise app_exc from app_exc.__cause__ or app_exc.__context__
    |   File "/Users/km6297/miniconda3/envs/psrl-experiments/lib/python3.11/site-packages/starlette/middleware/base.py", line 144, in coro
    |     await self.app(scope, receive_or_disconnect, send_no_error)
    |   File "/Users/km6297/miniconda3/envs/psrl-experiments/lib/python3.11/site-packages/starlette/middleware/base.py", line 193, in __call__
    |     response = await self.dispatch_func(request, call_next)
    |                ^^^^^^^^^^^^^^^^^^^^^^^^^^^^^^^^^^^^^^^^^^^^
    |   File "/Users/km6297/miniconda3/envs/psrl-experiments/lib/python3.11/site-packages/nicegui/middlewares.py", line 13, in dispatch
    |     response = await call_next(request)
    |                ^^^^^^^^^^^^^^^^^^^^^^^^
    |   File "/Users/km6297/miniconda3/envs/psrl-experiments/lib/python3.11/site-packages/starlette/middleware/base.py", line 168, in call_next
    |     raise app_exc from app_exc.__cause__ or app_exc.__context__
    |   File "/Users/km6297/miniconda3/envs/psrl-experiments/lib/python3.11/site-packages/starlette/middleware/base.py", line 144, in coro
    |     await self.app(scope, receive_or_disconnect, send_no_error)
    |   File "/Users/km6297/miniconda3/envs/psrl-experiments/lib/python3.11/site-packages/starlette/middleware/gzip.py", line 29, in __call__
    |     await responder(scope, receive, send)
    |   File "/Users/km6297/miniconda3/envs/psrl-experiments/lib/python3.11/site-packages/starlette/middleware/gzip.py", line 130, in __call__
    |     await super().__call__(scope, receive, send)
    |   File "/Users/km6297/miniconda3/envs/psrl-experiments/lib/python3.11/site-packages/starlette/middleware/gzip.py", line 46, in __call__
    |     await self.app(scope, receive, self.send_with_compression)
    |   File "/Users/km6297/miniconda3/envs/psrl-experiments/lib/python3.11/site-packages/starlette/middleware/exceptions.py", line 63, in __call__
    |     await wrap_app_handling_exceptions(self.app, conn)(scope, receive, send)
    |   File "/Users/km6297/miniconda3/envs/psrl-experiments/lib/python3.11/site-packages/starlette/_exception_handler.py", line 53, in wrapped_app
    |     raise exc
    |   File "/Users/km6297/miniconda3/envs/psrl-experiments/lib/python3.11/site-packages/starlette/_exception_handler.py", line 42, in wrapped_app
    |     await app(scope, receive, sender)
    |   File "/Users/km6297/miniconda3/envs/psrl-experiments/lib/python3.11/site-packages/fastapi/middleware/asyncexitstack.py", line 18, in __call__
    |     await self.app(scope, receive, send)
    |   File "/Users/km6297/miniconda3/envs/psrl-experiments/lib/python3.11/site-packages/starlette/routing.py", line 660, in __call__
    |     await self.middleware_stack(scope, receive, send)
    |   File "/Users/km6297/miniconda3/envs/psrl-experiments/lib/python3.11/site-packages/starlette/routing.py", line 680, in app
    |     await route.handle(scope, receive, send)
    |   File "/Users/km6297/miniconda3/envs/psrl-experiments/lib/python3.11/site-packages/starlette/routing.py", line 276, in handle
    |     await self.app(scope, receive, send)
    |   File "/Users/km6297/miniconda3/envs/psrl-experiments/lib/python3.11/site-packages/fastapi/routing.py", line 134, in app
    |     await wrap_app_handling_exceptions(app, request)(scope, receive, send)
    |   File "/Users/km6297/miniconda3/envs/psrl-experiments/lib/python3.11/site-packages/starlette/_exception_handler.py", line 53, in wrapped_app
    |     raise exc
    |   File "/Users/km6297/miniconda3/envs/psrl-experiments/lib/python3.11/site-packages/starlette/_exception_handler.py", line 42, in wrapped_app
    |     await app(scope, receive, sender)
    |   File "/Users/km6297/miniconda3/envs/psrl-experiments/lib/python3.11/site-packages/fastapi/routing.py", line 120, in app
    |     response = await f(request)
    |                ^^^^^^^^^^^^^^^^
    |   File "/Users/km6297/miniconda3/envs/psrl-experiments/lib/python3.11/site-packages/fastapi/routing.py", line 674, in app
    |     raw_response = await run_endpoint_function(
    |                    ^^^^^^^^^^^^^^^^^^^^^^^^^^^^
    |   File "/Users/km6297/miniconda3/envs/psrl-experiments/lib/python3.11/site-packages/fastapi/routing.py", line 328, in run_endpoint_function
    |     return await dependant.call(**values)
    |            ^^^^^^^^^^^^^^^^^^^^^^^^^^^^^^
    |   File "/Users/km6297/miniconda3/envs/psrl-experiments/lib/python3.11/site-packages/nicegui/page.py", line 199, in decorated
    |     result = task.result()
    |              ^^^^^^^^^^^^^
    |   File "/Users/km6297/miniconda3/envs/psrl-experiments/lib/python3.11/site-packages/nicegui/page.py", line 180, in wait_for_result
    |     return create_500_error_page(e, request)
    |            ^^^^^^^^^^^^^^^^^^^^^^^^^^^^^^^^^
    |   File "/Users/km6297/miniconda3/envs/psrl-experiments/lib/python3.11/site-packages/nicegui/page.py", line 140, in create_500_error_page
    |     raise e
    |   File "/Users/km6297/miniconda3/envs/psrl-experiments/lib/python3.11/site-packages/nicegui/page.py", line 177, in wait_for_result
    |     return await result
    |            ^^^^^^^^^^^^
    |   File "/Users/km6297/Library/Mobile Documents/com~apple~CloudDocs/Desktop/projects/psrl/psrl-experiments/fourroom_concept/web_app.py", line 292, in index
    |     await start_experiment(meta_container, stage_container)
    |   File "/Users/km6297/Library/Mobile Documents/com~apple~CloudDocs/Desktop/projects/psrl/psrl-experiments/fourroom_concept/web_app.py", line 190, in start_experiment
    |     state = gw.init_episode(
    |             ^^^^^^^^^^^^^^^^
    |   File "/Users/km6297/Library/Mobile Documents/com~apple~CloudDocs/Desktop/projects/psrl/psrl-experiments/fourroom_concept/gridworld.py", line 226, in init_episode
    |     raise ValueError(f"n_goals={n_goals} exceeds number of rooms (4)")
    | ValueError: n_goals=8 exceeds number of rooms (4)
    +------------------------------------

The above exception was the direct cause of the following exception:

Traceback (most recent call last):
  File "/Users/km6297/miniconda3/envs/psrl-experiments/lib/python3.11/site-packages/starlette/middleware/errors.py", line 164, in __call__
    await self.app(scope, receive, _send)
  File "/Users/km6297/miniconda3/envs/psrl-experiments/lib/python3.11/site-packages/starlette/middleware/sessions.py", line 88, in __call__
    await self.app(scope, receive, send_wrapper)
  File "/Users/km6297/miniconda3/envs/psrl-experiments/lib/python3.11/site-packages/starlette/middleware/base.py", line 193, in __call__
    response = await self.dispatch_func(request, call_next)
               ^^^^^^^^^^^^^^^^^^^^^^^^^^^^^^^^^^^^^^^^^^^^
  File "/Users/km6297/miniconda3/envs/psrl-experiments/lib/python3.11/site-packages/nicegui/storage.py", line 39, in dispatch
    response = await call_next(request)
               ^^^^^^^^^^^^^^^^^^^^^^^^
  File "/Users/km6297/miniconda3/envs/psrl-experiments/lib/python3.11/site-packages/starlette/middleware/base.py", line 168, in call_next
    raise app_exc from app_exc.__cause__ or app_exc.__context__
  File "/Users/km6297/miniconda3/envs/psrl-experiments/lib/python3.11/site-packages/starlette/middleware/base.py", line 144, in coro
    await self.app(scope, receive_or_disconnect, send_no_error)
  File "/Users/km6297/miniconda3/envs/psrl-experiments/lib/python3.11/site-packages/starlette/middleware/base.py", line 193, in __call__
    response = await self.dispatch_func(request, call_next)
               ^^^^^^^^^^^^^^^^^^^^^^^^^^^^^^^^^^^^^^^^^^^^
  File "/Users/km6297/miniconda3/envs/psrl-experiments/lib/python3.11/site-packages/nicegui/middlewares.py", line 23, in dispatch
    response = await call_next(request)
               ^^^^^^^^^^^^^^^^^^^^^^^^
  File "/Users/km6297/miniconda3/envs/psrl-experiments/lib/python3.11/site-packages/starlette/middleware/base.py", line 168, in call_next
    raise app_exc from app_exc.__cause__ or app_exc.__context__
  File "/Users/km6297/miniconda3/envs/psrl-experiments/lib/python3.11/site-packages/starlette/middleware/base.py", line 144, in coro
    await self.app(scope, receive_or_disconnect, send_no_error)
  File "/Users/km6297/miniconda3/envs/psrl-experiments/lib/python3.11/site-packages/starlette/middleware/base.py", line 193, in __call__
    response = await self.dispatch_func(request, call_next)
               ^^^^^^^^^^^^^^^^^^^^^^^^^^^^^^^^^^^^^^^^^^^^
  File "/Users/km6297/miniconda3/envs/psrl-experiments/lib/python3.11/site-packages/nicegui/middlewares.py", line 13, in dispatch
    response = await call_next(request)
               ^^^^^^^^^^^^^^^^^^^^^^^^
  File "/Users/km6297/miniconda3/envs/psrl-experiments/lib/python3.11/site-packages/starlette/middleware/base.py", line 168, in call_next
    raise app_exc from app_exc.__cause__ or app_exc.__context__
  File "/Users/km6297/miniconda3/envs/psrl-experiments/lib/python3.11/site-packages/starlette/middleware/base.py", line 144, in coro
    await self.app(scope, receive_or_disconnect, send_no_error)
  File "/Users/km6297/miniconda3/envs/psrl-experiments/lib/python3.11/site-packages/starlette/middleware/gzip.py", line 29, in __call__
    await responder(scope, receive, send)
  File "/Users/km6297/miniconda3/envs/psrl-experiments/lib/python3.11/site-packages/starlette/middleware/gzip.py", line 130, in __call__
    await super().__call__(scope, receive, send)
  File "/Users/km6297/miniconda3/envs/psrl-experiments/lib/python3.11/site-packages/starlette/middleware/gzip.py", line 46, in __call__
    await self.app(scope, receive, self.send_with_compression)
  File "/Users/km6297/miniconda3/envs/psrl-experiments/lib/python3.11/site-packages/starlette/middleware/exceptions.py", line 63, in __call__
    await wrap_app_handling_exceptions(self.app, conn)(scope, receive, send)
  File "/Users/km6297/miniconda3/envs/psrl-experiments/lib/python3.11/site-packages/starlette/_exception_handler.py", line 53, in wrapped_app
    raise exc
  File "/Users/km6297/miniconda3/envs/psrl-experiments/lib/python3.11/site-packages/starlette/_exception_handler.py", line 42, in wrapped_app
    await app(scope, receive, sender)
  File "/Users/km6297/miniconda3/envs/psrl-experiments/lib/python3.11/site-packages/fastapi/middleware/asyncexitstack.py", line 18, in __call__
    await self.app(scope, receive, send)
  File "/Users/km6297/miniconda3/envs/psrl-experiments/lib/python3.11/site-packages/starlette/routing.py", line 660, in __call__
    await self.middleware_stack(scope, receive, send)
  File "/Users/km6297/miniconda3/envs/psrl-experiments/lib/python3.11/site-packages/starlette/routing.py", line 680, in app
    await route.handle(scope, receive, send)
  File "/Users/km6297/miniconda3/envs/psrl-experiments/lib/python3.11/site-packages/starlette/routing.py", line 276, in handle
    await self.app(scope, receive, send)
  File "/Users/km6297/miniconda3/envs/psrl-experiments/lib/python3.11/site-packages/fastapi/routing.py", line 134, in app
    await wrap_app_handling_exceptions(app, request)(scope, receive, send)
  File "/Users/km6297/miniconda3/envs/psrl-experiments/lib/python3.11/site-packages/starlette/_exception_handler.py", line 53, in wrapped_app
    raise exc
  File "/Users/km6297/miniconda3/envs/psrl-experiments/lib/python3.11/site-packages/starlette/_exception_handler.py", line 42, in wrapped_app
    await app(scope, receive, sender)
  File "/Users/km6297/miniconda3/envs/psrl-experiments/lib/python3.11/site-packages/fastapi/routing.py", line 120, in app
    response = await f(request)
               ^^^^^^^^^^^^^^^^
  File "/Users/km6297/miniconda3/envs/psrl-experiments/lib/python3.11/site-packages/fastapi/routing.py", line 674, in app
    raw_response = await run_endpoint_function(
                   ^^^^^^^^^^^^^^^^^^^^^^^^^^^^
  File "/Users/km6297/miniconda3/envs/psrl-experiments/lib/python3.11/site-packages/fastapi/routing.py", line 328, in run_endpoint_function
    return await dependant.call(**values)
           ^^^^^^^^^^^^^^^^^^^^^^^^^^^^^^
  File "/Users/km6297/miniconda3/envs/psrl-experiments/lib/python3.11/site-packages/nicegui/page.py", line 199, in decorated
    result = task.result()
             ^^^^^^^^^^^^^
  File "/Users/km6297/miniconda3/envs/psrl-experiments/lib/python3.11/site-packages/nicegui/page.py", line 180, in wait_for_result
    return create_500_error_page(e, request)
           ^^^^^^^^^^^^^^^^^^^^^^^^^^^^^^^^^
  File "/Users/km6297/miniconda3/envs/psrl-experiments/lib/python3.11/site-packages/nicegui/page.py", line 140, in create_500_error_page
    raise e
  File "/Users/km6297/miniconda3/envs/psrl-experiments/lib/python3.11/site-packages/nicegui/page.py", line 177, in wait_for_result
    return await result
           ^^^^^^^^^^^^
  File "/Users/km6297/Library/Mobile Documents/com~apple~CloudDocs/Desktop/projects/psrl/psrl-experiments/fourroom_concept/web_app.py", line 292, in index
    await start_experiment(meta_container, stage_container)
  File "/Users/km6297/Library/Mobile Documents/com~apple~CloudDocs/Desktop/projects/psrl/psrl-experiments/fourroom_concept/web_app.py", line 190, in start_experiment
    state = gw.init_episode(
            ^^^^^^^^^^^^^^^^
  File "/Users/km6297/Library/Mobile Documents/com~apple~CloudDocs/Desktop/projects/psrl/psrl-experiments/fourroom_concept/gridworld.py", line 226, in init_episode
    raise ValueError(f"n_goals={n_goals} exceeds number of rooms (4)")
ValueError: n_goals=8 exceeds number of rooms (4)
[0m