[33muser 3/3:  1240525145 |block 0: undefined| |stage 0: undefined| nicewebrl.experiment - INFO - Block order: ['block_cc2d6ed7f0db4a8987b45fc8696a941a', 'block_71e203eef01d475d931c43e7aeab4c95', 'block_01b14da555e44a56b21c8379c21c45bb', 'block_651c2b55d79c4827922beccfc3d94d5e']
[0m[33muser 3/3:  1240525145 |block 0: undefined| |stage 0: undefined| __main__ - INFO - New episode: mode=bijection dims=['shape', 'color', 'texture'] n_kinds={'shape': 5, 'color': 5, 'texture': 5} n_goals=5 rule=texture='outline'
[0m[33muser 3/3:  1240525145 |block 0: undefined| |stage 0: undefined| nicewebrl.experiment - INFO - Block order: ['block_cc2d6ed7f0db4a8987b45fc8696a941a', 'block_71e203eef01d475d931c43e7aeab4c95', 'block_01b14da555e44a56b21c8379c21c45bb', 'block_651c2b55d79c4827922beccfc3d94d5e']
[0m[33muser 3/3:  1240525145 |block 0: block_cc2d6ed7f0db4a8987b45fc8696a941a| |stage 0: Consent| nicegui - WARNING - Response for / not ready after 3.0 seconds
[0m[33muser 3/3:  1240525145 |block 0: block_cc2d6ed7f0db4a8987b45fc8696a941a| |stage 0: Consent| nicegui - WARNING - Response for / not ready after 3.0 seconds
[0m[33muser 3/3:  1240525145 |block 0: block_cc2d6ed7f0db4a8987b45fc8696a941a| |stage 0: Consent| nicegui - WARNING - http://localhost:8084/.well-known/appspecific/com.chrome.devtools.json not found
[0m[33muser 3/3:  1240525145 |block 0: undefined| |stage 0: undefined| nicewebrl.experiment - INFO - Block order: ['block_cc2d6ed7f0db4a8987b45fc8696a941a', 'block_71e203eef01d475d931c43e7aeab4c95', 'block_01b14da555e44a56b21c8379c21c45bb', 'block_651c2b55d79c4827922beccfc3d94d5e']
[0m[33muser 3/3:  1240525145 |block 0: block_cc2d6ed7f0db4a8987b45fc8696a941a| |stage 0: Consent| nicegui - WARNING - Response for / not ready after 3.0 seconds
[0m[33muser 3/3:  1240525145 |block 0: block_cc2d6ed7f0db4a8987b45fc8696a941a| |stage 0: Consent| nicegui - WARNING - http://localhost:8084/.well-known/appspecific/com.chrome.devtools.json not found
[0m[33muser 3/3:  1240525145 |block 0: undefined| |stage 0: undefined| nicewebrl.experiment - INFO - Block order: ['block_cc2d6ed7f0db4a8987b45fc8696a941a', 'block_71e203eef01d475d931c43e7aeab4c95', 'block_01b14da555e44a56b21c8379c21c45bb', 'block_651c2b55d79c4827922beccfc3d94d5e']
[0m[33muser 3/3:  1240525145 |block 0: block_cc2d6ed7f0db4a8987b45fc8696a941a| |stage 0: Consent| nicegui - WARNING - Response for / not ready after 3.0 seconds
[0m[33muser 3/3:  1240525145 |block 0: block_cc2d6ed7f0db4a8987b45fc8696a941a| |stage 0: Consent| nicegui - WARNING - http://localhost:8084/.well-known/appspecific/com.chrome.devtools.json not found
[0m[33muser 3/3:  1240525145 |block 0: undefined| |stage 0: undefined| nicewebrl.experiment - INFO - Block order: ['block_cc2d6ed7f0db4a8987b45fc8696a941a', 'block_71e203eef01d475d931c43e7aeab4c95', 'block_01b14da555e44a56b21c8379c21c45bb', 'block_651c2b55d79c4827922beccfc3d94d5e']
[0m[33muser 3/3:  1240525145 |block 0: block_cc2d6ed7f0db4a8987b45fc8696a941a| |stage 0: Consent| nicegui - WARNING - Response for / not ready after 3.0 seconds
[0m[33muser 3/3:  1240525145 |block 0: block_cc2d6ed7f0db4a8987b45fc8696a941a| |stage 0: Consent| nicegui - WARNING - http://localhost:8084/.well-known/appspecific/com.chrome.devtools.json not found
[0m[33muser 3/3:  1240525145 |block 0: undefined| |stage 0: undefined| nicewebrl.experiment - INFO - Block order: ['block_cc2d6ed7f0db4a8987b45fc8696a941a', 'block_71e203eef01d475d931c43e7aeab4c95', 'block_01b14da555e44a56b21c8379c21c45bb', 'block_651c2b55d79c4827922beccfc3d94d5e']
[0m[33muser 3/3:  1240525145 |block 0: block_cc2d6ed7f0db4a8987b45fc8696a941a| |stage 0: Consent| nicegui - WARNING - Response for / not ready after 3.0 seconds
[0m[31muser 1/1:  1240525145 |block 0: undefined| |stage 0: undefined| nicewebrl.experiment - INFO - Block order: ['block_7085c15673e84d1fb0f7bb69a7b499f0', 'block_607386c39a354fc7bb5433bc054424ce', 'block_fe75352a3efd41b9a845440faa18be4b', 'block_65a7fd86085749bbb837a015b2a6f6bf']
[0m[31muser 1/1:  1240525145 |block 0: block_7085c15673e84d1fb0f7bb69a7b499f0| |stage 0: Consent| nicegui - WARNING - Response for / not ready after 3.0 seconds
[0m