[34muser 4/4:  2134724290 |block 0: undefined| |stage 0: undefined| nicewebrl.experiment - INFO - Block order: ['block_cbae50cbaad2461d94ccf446c3acb25d', 'block_2873ed6bb2274178aef5c1a61cfc5807', 'block_425399a3debf4ea099449c12ac1b827b']
[0m[34muser 4/4:  2134724290 |block 0: undefined| |stage 0: undefined| __mp_main__ - INFO - New episode: mode=bijection dims=['shape', 'color', 'texture'] n_kinds={'shape': 5, 'color': 5, 'texture': 5} n_goals=5 rule=texture='striped'
[0m[34muser 4/4:  2134724290 |block 0: block_cbae50cbaad2461d94ccf446c3acb25d| |stage 0: Instructions| nicegui - WARNING - http://localhost:8084/.well-known/appspecific/com.chrome.devtools.json not found
[0m[34muser 4/4:  2134724290 |block 0: block_cbae50cbaad2461d94ccf446c3acb25d| |stage 0: Instructions| nicewebrl.utils - INFO - {'message': 'Ping 6211'}
[0m[34muser 4/4:  2134724290 |block 1: block_2873ed6bb2274178aef5c1a61cfc5807| |stage 1: GridWorld| nicewebrl.utils - INFO - {'message': 'Ping 353'}
[0m[34muser 4/4:  2134724290 |block 1: block_2873ed6bb2274178aef5c1a61cfc5807| |stage 1: GridWorld| __mp_main__ - INFO - Stage finished: GridWorld
[0m[34muser 4/4:  2134724290 |block 3: block_425399a3debf4ea099449c12ac1b827b| |stage 3: Debrief| __mp_main__ - INFO - Metadata saved → ./data/user_meta_2134724290.json
[0m[34muser 4/4:  2134724290 |block 3: block_425399a3debf4ea099449c12ac1b827b| |stage 3: Debrief| nicewebrl.utils - INFO - {'message': 'Ping 1860'}
[0m[34muser 4/4:  2134724290 |block 3: block_425399a3debf4ea099449c12ac1b827b| |stage 3: Debrief| nicewebrl.utils - INFO - {'message': 'Ping 2342'}
[0m[34muser 4/4:  2134724290 |block 3: block_425399a3debf4ea099449c12ac1b827b| |stage 3: Debrief| nicewebrl.utils - INFO - {'message': 'Ping 9801'}
[0m[34muser 4/4:  2134724290 |block 3: block_425399a3debf4ea099449c12ac1b827b| |stage 3: Debrief| nicewebrl.utils - INFO - {'message': 'Ping 2423'}
[0m[34muser 4/4:  2134724290 |block 3: block_425399a3debf4ea099449c12ac1b827b| |stage 3: Debrief| nicewebrl.utils - INFO - {'message': 'Ping 3460'}
[0m[34muser 4/4:  2134724290 |block 3: block_425399a3debf4ea099449c12ac1b827b| |stage 3: Debrief| nicewebrl.utils - INFO - {'message': 'Ping 8598'}
[0m[34muser 4/4:  2134724290 |block 3: block_425399a3debf4ea099449c12ac1b827b| |stage 3: Debrief| nicewebrl.utils - INFO - {'message': 'Ping 7374'}
[0m[34muser 4/4:  2134724290 |block 3: block_425399a3debf4ea099449c12ac1b827b| |stage 3: Debrief| nicewebrl.utils - INFO - {'message': 'Ping 5648'}
[0m[34muser 4/4:  2134724290 |block 3: block_425399a3debf4ea099449c12ac1b827b| |stage 3: Debrief| nicewebrl.utils - INFO - {'message': 'Ping 6791'}
[0m[34muser 4/4:  2134724290 |block 3: block_425399a3debf4ea099449c12ac1b827b| |stage 3: Debrief| nicewebrl.utils - INFO - {'message': 'Ping 7975'}
[0m[34muser 4/4:  2134724290 |block 3: block_425399a3debf4ea099449c12ac1b827b| |stage 3: Debrief| nicewebrl.utils - INFO - {'message': 'Ping 9973'}
[0m[34muser 4/4:  2134724290 |block 3: block_425399a3debf4ea099449c12ac1b827b| |stage 3: Debrief| nicewebrl.utils - INFO - {'message': 'Ping 9908'}
[0m[34muser 4/4:  2134724290 |block 3: block_425399a3debf4ea099449c12ac1b827b| |stage 3: Debrief| nicewebrl.utils - INFO - {'message': 'Ping 3658'}
[0m[34muser 4/4:  2134724290 |block 3: block_425399a3debf4ea099449c12ac1b827b| |stage 3: Debrief| nicewebrl.utils - INFO - {'message': 'Ping 400'}
[0m[31muser 1/1:  2134724290 |block 3: undefined| |stage 3: undefined| nicewebrl.experiment - INFO - Block order: ['block_0a9f964dc2fb40b49cf20ba34038b631', 'block_313f99e3e98543be949b41138abfa935', 'block_2233fab35f944314aa37513d333d08a7']
[0m[31muser 1/1:  2134724290 |block 3: undefined| |stage 3: undefined| nicegui - ERROR - No TortoiseContext is currently active. Use 'async with TortoiseContext() as ctx:' to create one, or call Tortoise.init() for global state.
  + Exception Group Traceback (most recent call last):
  |   File "/Users/km6297/miniconda3/envs/psrl-experiments/lib/python3.11/site-packages/starlette/_utils.py", line 85, in create_collapsing_task_group
  |     async with anyio.create_task_group() as tg:
  |   File "/Users/km6297/miniconda3/envs/psrl-experiments/lib/python3.11/site-packages/anyio/_backends/_asyncio.py", line 799, in __aexit__
  |     raise BaseExceptionGroup(
  | ExceptionGroup: unhandled errors in a TaskGroup (1 sub-exception)
  +-+---------------- 1 ----------------
    | Traceback (most recent call last):
    |   File "/Users/km6297/miniconda3/envs/psrl-experiments/lib/python3.11/site-packages/starlette/middleware/errors.py", line 164, in __call__
    |     await self.app(scope, receive, _send)
    |   File "/Users/km6297/miniconda3/envs/psrl-experiments/lib/python3.11/site-packages/starlette/middleware/sessions.py", line 88, in __call__
    |     await self.app(scope, receive, send_wrapper)
    |   File "/Users/km6297/miniconda3/envs/psrl-experiments/lib/python3.11/site-packages/starlette/middleware/base.py", line 193, in __call__
    |     response = await self.dispatch_func(request, call_next)
    |                ^^^^^^^^^^^^^^^^^^^^^^^^^^^^^^^^^^^^^^^^^^^^
    |   File "/Users/km6297/miniconda3/envs/psrl-experiments/lib/python3.11/site-packages/nicegui/storage.py", line 39, in dispatch
    |     response = await call_next(request)
    |                ^^^^^^^^^^^^^^^^^^^^^^^^
    |   File "/Users/km6297/miniconda3/envs/psrl-experiments/lib/python3.11/site-packages/starlette/middleware/base.py", line 168, in call_next
    |     raise app_exc from app_exc.__cause__ or app_exc.__context__
    |   File "/Users/km6297/miniconda3/envs/psrl-experiments/lib/python3.11/site-packages/starlette/middleware/base.py", line 144, in coro
    |     await self.app(scope, receive_or_disconnect, send_no_error)
    |   File "/Users/km6297/miniconda3/envs/psrl-experiments/lib/python3.11/site-packages/starlette/middleware/base.py", line 193, in __call__
    |     response = await self.dispatch_func(request, call_next)
    |                ^^^^^^^^^^^^^^^^^^^^^^^^^^^^^^^^^^^^^^^^^^^^
    |   File "/Users/km6297/miniconda3/envs/psrl-experiments/lib/python3.11/site-packages/nicegui/middlewares.py", line 23, in dispatch
    |     response = await call_next(request)
    |                ^^^^^^^^^^^^^^^^^^^^^^^^
    |   File "/Users/km6297/miniconda3/envs/psrl-experiments/lib/python3.11/site-packages/starlette/middleware/base.py", line 168, in call_next
    |     raise app_exc from app_exc.__cause__ or app_exc.__context__
    |   File "/Users/km6297/miniconda3/envs/psrl-experiments/lib/python3.11/site-packages/starlette/middleware/base.py", line 144, in coro
    |     await self.app(scope, receive_or_disconnect, send_no_error)
    |   File "/Users/km6297/miniconda3/envs/psrl-experiments/lib/python3.11/site-packages/starlette/middleware/base.py", line 193, in __call__
    |     response = await self.dispatch_func(request, call_next)
    |                ^^^^^^^^^^^^^^^^^^^^^^^^^^^^^^^^^^^^^^^^^^^^
    |   File "/Users/km6297/miniconda3/envs/psrl-experiments/lib/python3.11/site-packages/nicegui/middlewares.py", line 13, in dispatch
    |     response = await call_next(request)
    |                ^^^^^^^^^^^^^^^^^^^^^^^^
    |   File "/Users/km6297/miniconda3/envs/psrl-experiments/lib/python3.11/site-packages/starlette/middleware/base.py", line 168, in call_next
    |     raise app_exc from app_exc.__cause__ or app_exc.__context__
    |   File "/Users/km6297/miniconda3/envs/psrl-experiments/lib/python3.11/site-packages/starlette/middleware/base.py", line 144, in coro
    |     await self.app(scope, receive_or_disconnect, send_no_error)
    |   File "/Users/km6297/miniconda3/envs/psrl-experiments/lib/python3.11/site-packages/starlette/middleware/gzip.py", line 29, in __call__
    |     await responder(scope, receive, send)
    |   File "/Users/km6297/miniconda3/envs/psrl-experiments/lib/python3.11/site-packages/starlette/middleware/gzip.py", line 130, in __call__
    |     await super().__call__(scope, receive, send)
    |   File "/Users/km6297/miniconda3/envs/psrl-experiments/lib/python3.11/site-packages/starlette/middleware/gzip.py", line 46, in __call__
    |     await self.app(scope, receive, self.send_with_compression)
    |   File "/Users/km6297/miniconda3/envs/psrl-experiments/lib/python3.11/site-packages/starlette/middleware/exceptions.py", line 63, in __call__
    |     await wrap_app_handling_exceptions(self.app, conn)(scope, receive, send)
    |   File "/Users/km6297/miniconda3/envs/psrl-experiments/lib/python3.11/site-packages/starlette/_exception_handler.py", line 53, in wrapped_app
    |     raise exc
    |   File "/Users/km6297/miniconda3/envs/psrl-experiments/lib/python3.11/site-packages/starlette/_exception_handler.py", line 42, in wrapped_app
    |     await app(scope, receive, sender)
    |   File "/Users/km6297/miniconda3/envs/psrl-experiments/lib/python3.11/site-packages/fastapi/middleware/asyncexitstack.py", line 18, in __call__
    |     await self.app(scope, receive, send)
    |   File "/Users/km6297/miniconda3/envs/psrl-experiments/lib/python3.11/site-packages/starlette/routing.py", line 660, in __call__
    |     await self.middleware_stack(scope, receive, send)
    |   File "/Users/km6297/miniconda3/envs/psrl-experiments/lib/python3.11/site-packages/starlette/routing.py", line 680, in app
    |     await route.handle(scope, receive, send)
    |   File "/Users/km6297/miniconda3/envs/psrl-experiments/lib/python3.11/site-packages/starlette/routing.py", line 276, in handle
    |     await self.app(scope, receive, send)
    |   File "/Users/km6297/miniconda3/envs/psrl-experiments/lib/python3.11/site-packages/fastapi/routing.py", line 134, in app
    |     await wrap_app_handling_exceptions(app, request)(scope, receive, send)
    |   File "/Users/km6297/miniconda3/envs/psrl-experiments/lib/python3.11/site-packages/starlette/_exception_handler.py", line 53, in wrapped_app
    |     raise exc
    |   File "/Users/km6297/miniconda3/envs/psrl-experiments/lib/python3.11/site-packages/starlette/_exception_handler.py", line 42, in wrapped_app
    |     await app(scope, receive, sender)
    |   File "/Users/km6297/miniconda3/envs/psrl-experiments/lib/python3.11/site-packages/fastapi/routing.py", line 120, in app
    |     response = await f(request)
    |                ^^^^^^^^^^^^^^^^
    |   File "/Users/km6297/miniconda3/envs/psrl-experiments/lib/python3.11/site-packages/fastapi/routing.py", line 674, in app
    |     raw_response = await run_endpoint_function(
    |                    ^^^^^^^^^^^^^^^^^^^^^^^^^^^^
    |   File "/Users/km6297/miniconda3/envs/psrl-experiments/lib/python3.11/site-packages/fastapi/routing.py", line 328, in run_endpoint_function
    |     return await dependant.call(**values)
    |            ^^^^^^^^^^^^^^^^^^^^^^^^^^^^^^
    |   File "/Users/km6297/miniconda3/envs/psrl-experiments/lib/python3.11/site-packages/nicegui/page.py", line 199, in decorated
    |     result = task.result()
    |              ^^^^^^^^^^^^^
    |   File "/Users/km6297/miniconda3/envs/psrl-experiments/lib/python3.11/site-packages/nicegui/page.py", line 180, in wait_for_result
    |     return create_500_error_page(e, request)
    |            ^^^^^^^^^^^^^^^^^^^^^^^^^^^^^^^^^
    |   File "/Users/km6297/miniconda3/envs/psrl-experiments/lib/python3.11/site-packages/nicegui/page.py", line 140, in create_500_error_page
    |     raise e
    |   File "/Users/km6297/miniconda3/envs/psrl-experiments/lib/python3.11/site-packages/nicegui/page.py", line 177, in wait_for_result
    |     return await result
    |            ^^^^^^^^^^^^
    |   File "/Users/km6297/Library/Mobile Documents/com~apple~CloudDocs/Desktop/projects/psrl/psrl-experiments/fourroom_concept/web_app.py", line 300, in index
    |     await start_experiment(meta_container, stage_container)
    |   File "/Users/km6297/Library/Mobile Documents/com~apple~CloudDocs/Desktop/projects/psrl/psrl-experiments/fourroom_concept/web_app.py", line 217, in start_experiment
    |     await finish_experiment(meta_container)
    |   File "/Users/km6297/Library/Mobile Documents/com~apple~CloudDocs/Desktop/projects/psrl/psrl-experiments/fourroom_concept/web_app.py", line 236, in finish_experiment
    |     await Session.update_or_create(
    |   File "/Users/km6297/miniconda3/envs/psrl-experiments/lib/python3.11/site-packages/tortoise/models.py", line 1355, in update_or_create
    |     db = using_db or cls._choose_db(True)
    |                      ^^^^^^^^^^^^^^^^^^^^
    |   File "/Users/km6297/miniconda3/envs/psrl-experiments/lib/python3.11/site-packages/tortoise/models.py", line 1266, in _choose_db
    |     return db or cls._meta.db
    |                  ^^^^^^^^^^^^
    |   File "/Users/km6297/miniconda3/envs/psrl-experiments/lib/python3.11/site-packages/tortoise/models.py", line 296, in db
    |     return get_connection(self.default_connection)
    |            ^^^^^^^^^^^^^^^^^^^^^^^^^^^^^^^^^^^^^^^
    |   File "/Users/km6297/miniconda3/envs/psrl-experiments/lib/python3.11/site-packages/tortoise/connection.py", line 327, in get_connection
    |     return require_context().connections.get(alias)
    |            ^^^^^^^^^^^^^^^^^
    |   File "/Users/km6297/miniconda3/envs/psrl-experiments/lib/python3.11/site-packages/tortoise/context.py", line 111, in require_context
    |     raise RuntimeError(
    | RuntimeError: No TortoiseContext is currently active. Use 'async with TortoiseContext() as ctx:' to create one, or call Tortoise.init() for global state.
    +------------------------------------

The above exception was the direct cause of the following exception:

Traceback (most recent call last):
  File "/Users/km6297/miniconda3/envs/psrl-experiments/lib/python3.11/site-packages/starlette/middleware/errors.py", line 164, in __call__
    await self.app(scope, receive, _send)
  File "/Users/km6297/miniconda3/envs/psrl-experiments/lib/python3.11/site-packages/starlette/middleware/sessions.py", line 88, in __call__
    await self.app(scope, receive, send_wrapper)
  File "/Users/km6297/miniconda3/envs/psrl-experiments/lib/python3.11/site-packages/starlette/middleware/base.py", line 193, in __call__
    response = await self.dispatch_func(request, call_next)
               ^^^^^^^^^^^^^^^^^^^^^^^^^^^^^^^^^^^^^^^^^^^^
  File "/Users/km6297/miniconda3/envs/psrl-experiments/lib/python3.11/site-packages/nicegui/storage.py", line 39, in dispatch
    response = await call_next(request)
               ^^^^^^^^^^^^^^^^^^^^^^^^
  File "/Users/km6297/miniconda3/envs/psrl-experiments/lib/python3.11/site-packages/starlette/middleware/base.py", line 168, in call_next
    raise app_exc from app_exc.__cause__ or app_exc.__context__
  File "/Users/km6297/miniconda3/envs/psrl-experiments/lib/python3.11/site-packages/starlette/middleware/base.py", line 144, in coro
    await self.app(scope, receive_or_disconnect, send_no_error)
  File "/Users/km6297/miniconda3/envs/psrl-experiments/lib/python3.11/site-packages/starlette/middleware/base.py", line 193, in __call__
    response = await self.dispatch_func(request, call_next)
               ^^^^^^^^^^^^^^^^^^^^^^^^^^^^^^^^^^^^^^^^^^^^
  File "/Users/km6297/miniconda3/envs/psrl-experiments/lib/python3.11/site-packages/nicegui/middlewares.py", line 23, in dispatch
    response = await call_next(request)
               ^^^^^^^^^^^^^^^^^^^^^^^^
  File "/Users/km6297/miniconda3/envs/psrl-experiments/lib/python3.11/site-packages/starlette/middleware/base.py", line 168, in call_next
    raise app_exc from app_exc.__cause__ or app_exc.__context__
  File "/Users/km6297/miniconda3/envs/psrl-experiments/lib/python3.11/site-packages/starlette/middleware/base.py", line 144, in coro
    await self.app(scope, receive_or_disconnect, send_no_error)
  File "/Users/km6297/miniconda3/envs/psrl-experiments/lib/python3.11/site-packages/starlette/middleware/base.py", line 193, in __call__
    response = await self.dispatch_func(request, call_next)
               ^^^^^^^^^^^^^^^^^^^^^^^^^^^^^^^^^^^^^^^^^^^^
  File "/Users/km6297/miniconda3/envs/psrl-experiments/lib/python3.11/site-packages/nicegui/middlewares.py", line 13, in dispatch
    response = await call_next(request)
               ^^^^^^^^^^^^^^^^^^^^^^^^
  File "/Users/km6297/miniconda3/envs/psrl-experiments/lib/python3.11/site-packages/starlette/middleware/base.py", line 168, in call_next
    raise app_exc from app_exc.__cause__ or app_exc.__context__
  File "/Users/km6297/miniconda3/envs/psrl-experiments/lib/python3.11/site-packages/starlette/middleware/base.py", line 144, in coro
    await self.app(scope, receive_or_disconnect, send_no_error)
  File "/Users/km6297/miniconda3/envs/psrl-experiments/lib/python3.11/site-packages/starlette/middleware/gzip.py", line 29, in __call__
    await responder(scope, receive, send)
  File "/Users/km6297/miniconda3/envs/psrl-experiments/lib/python3.11/site-packages/starlette/middleware/gzip.py", line 130, in __call__
    await super().__call__(scope, receive, send)
  File "/Users/km6297/miniconda3/envs/psrl-experiments/lib/python3.11/site-packages/starlette/middleware/gzip.py", line 46, in __call__
    await self.app(scope, receive, self.send_with_compression)
  File "/Users/km6297/miniconda3/envs/psrl-experiments/lib/python3.11/site-packages/starlette/middleware/exceptions.py", line 63, in __call__
    await wrap_app_handling_exceptions(self.app, conn)(scope, receive, send)
  File "/Users/km6297/miniconda3/envs/psrl-experiments/lib/python3.11/site-packages/starlette/_exception_handler.py", line 53, in wrapped_app
    raise exc
  File "/Users/km6297/miniconda3/envs/psrl-experiments/lib/python3.11/site-packages/starlette/_exception_handler.py", line 42, in wrapped_app
    await app(scope, receive, sender)
  File "/Users/km6297/miniconda3/envs/psrl-experiments/lib/python3.11/site-packages/fastapi/middleware/asyncexitstack.py", line 18, in __call__
    await self.app(scope, receive, send)
  File "/Users/km6297/miniconda3/envs/psrl-experiments/lib/python3.11/site-packages/starlette/routing.py", line 660, in __call__
    await self.middleware_stack(scope, receive, send)
  File "/Users/km6297/miniconda3/envs/psrl-experiments/lib/python3.11/site-packages/starlette/routing.py", line 680, in app
    await route.handle(scope, receive, send)
  File "/Users/km6297/miniconda3/envs/psrl-experiments/lib/python3.11/site-packages/starlette/routing.py", line 276, in handle
    await self.app(scope, receive, send)
  File "/Users/km6297/miniconda3/envs/psrl-experiments/lib/python3.11/site-packages/fastapi/routing.py", line 134, in app
    await wrap_app_handling_exceptions(app, request)(scope, receive, send)
  File "/Users/km6297/miniconda3/envs/psrl-experiments/lib/python3.11/site-packages/starlette/_exception_handler.py", line 53, in wrapped_app
    raise exc
  File "/Users/km6297/miniconda3/envs/psrl-experiments/lib/python3.11/site-packages/starlette/_exception_handler.py", line 42, in wrapped_app
    await app(scope, receive, sender)
  File "/Users/km6297/miniconda3/envs/psrl-experiments/lib/python3.11/site-packages/fastapi/routing.py", line 120, in app
    response = await f(request)
               ^^^^^^^^^^^^^^^^
  File "/Users/km6297/miniconda3/envs/psrl-experiments/lib/python3.11/site-packages/fastapi/routing.py", line 674, in app
    raw_response = await run_endpoint_function(
                   ^^^^^^^^^^^^^^^^^^^^^^^^^^^^
  File "/Users/km6297/miniconda3/envs/psrl-experiments/lib/python3.11/site-packages/fastapi/routing.py", line 328, in run_endpoint_function
    return await dependant.call(**values)
           ^^^^^^^^^^^^^^^^^^^^^^^^^^^^^^
  File "/Users/km6297/miniconda3/envs/psrl-experiments/lib/python3.11/site-packages/nicegui/page.py", line 199, in decorated
    result = task.result()
             ^^^^^^^^^^^^^
  File "/Users/km6297/miniconda3/envs/psrl-experiments/lib/python3.11/site-packages/nicegui/page.py", line 180, in wait_for_result
    return create_500_error_page(e, request)
           ^^^^^^^^^^^^^^^^^^^^^^^^^^^^^^^^^
  File "/Users/km6297/miniconda3/envs/psrl-experiments/lib/python3.11/site-packages/nicegui/page.py", line 140, in create_500_error_page
    raise e
  File "/Users/km6297/miniconda3/envs/psrl-experiments/lib/python3.11/site-packages/nicegui/page.py", line 177, in wait_for_result
    return await result
           ^^^^^^^^^^^^
  File "/Users/km6297/Library/Mobile Documents/com~apple~CloudDocs/Desktop/projects/psrl/psrl-experiments/fourroom_concept/web_app.py", line 300, in index
    await start_experiment(meta_container, stage_container)
  File "/Users/km6297/Library/Mobile Documents/com~apple~CloudDocs/Desktop/projects/psrl/psrl-experiments/fourroom_concept/web_app.py", line 217, in start_experiment
    await finish_experiment(meta_container)
  File "/Users/km6297/Library/Mobile Documents/com~apple~CloudDocs/Desktop/projects/psrl/psrl-experiments/fourroom_concept/web_app.py", line 236, in finish_experiment
    await Session.update_or_create(
  File "/Users/km6297/miniconda3/envs/psrl-experiments/lib/python3.11/site-packages/tortoise/models.py", line 1355, in update_or_create
    db = using_db or cls._choose_db(True)
                     ^^^^^^^^^^^^^^^^^^^^
  File "/Users/km6297/miniconda3/envs/psrl-experiments/lib/python3.11/site-packages/tortoise/models.py", line 1266, in _choose_db
    return db or cls._meta.db
                 ^^^^^^^^^^^^
  File "/Users/km6297/miniconda3/envs/psrl-experiments/lib/python3.11/site-packages/tortoise/models.py", line 296, in db
    return get_connection(self.default_connection)
           ^^^^^^^^^^^^^^^^^^^^^^^^^^^^^^^^^^^^^^^
  File "/Users/km6297/miniconda3/envs/psrl-experiments/lib/python3.11/site-packages/tortoise/connection.py", line 327, in get_connection
    return require_context().connections.get(alias)
           ^^^^^^^^^^^^^^^^^
  File "/Users/km6297/miniconda3/envs/psrl-experiments/lib/python3.11/site-packages/tortoise/context.py", line 111, in require_context
    raise RuntimeError(
RuntimeError: No TortoiseContext is currently active. Use 'async with TortoiseContext() as ctx:' to create one, or call Tortoise.init() for global state.
[0m[31muser 1/1:  2134724290 |block 3: undefined| |stage 3: undefined| nicegui - WARNING - http://localhost:8084/.well-known/appspecific/com.chrome.devtools.json not found
[0m